<?xml version="1.0" encoding="UTF-8"?>
<!-- Generated by org.testng.reporters.JUnitReportReporter -->
<testsuite hostname="DESKTOP-PO3T4V3" failures="0" tests="2" name="testCases.IqSoft_API_2_Authorization_Positive_Test" time="0.004" errors="0" timestamp="2022-10-11T18:37:53 AMT" skipped="0">
  <testcase classname="testCases.IqSoft_API_2_Authorization_Positive_Test" name="AuthorizationAPIValidateStatusCod" time="0.003"/>
  <system-out/>
  <testcase classname="testCases.IqSoft_API_2_Authorization_Positive_Test" name="AuthorizationAPIValidatePositiveResponse" time="0.001"/>
  <system-out/>
</testsuite> <!-- testCases.IqSoft_API_2_Authorization_Positive_Test -->
