<?xml version="1.0" encoding="UTF-8"?>
<!-- Generated by org.testng.reporters.JUnitReportReporter -->
<testsuite hostname="DESKTOP-PO3T4V3" failures="0" tests="3" name="testCases.IqSoft_API_6_RollBackCreditWithoutDebit_Positive_Test" time="0.006" errors="0" timestamp="2022-10-14T12:58:35 AMT" skipped="0">
  <testcase classname="testCases.IqSoft_API_6_RollBackCreditWithoutDebit_Positive_Test" name="RollBackAPIValidateStatusCod" time="0.002"/>
  <system-out/>
  <testcase classname="testCases.IqSoft_API_6_RollBackCreditWithoutDebit_Positive_Test" name="RollBackAPIValidatePositiveResponse" time="0.002"/>
  <system-out/>
  <testcase classname="testCases.IqSoft_API_6_RollBackCreditWithoutDebit_Positive_Test" name="RollBackAPIValidatePositiveResponseBalanceCorrection" time="0.002"/>
  <system-out/>
</testsuite> <!-- testCases.IqSoft_API_6_RollBackCreditWithoutDebit_Positive_Test -->
