<?xml version="1.0" encoding="UTF-8"?>
<!-- Generated by org.testng.reporters.JUnitReportReporter -->
<testsuite hostname="DESKTOP-PO3T4V3" failures="0" tests="2" name="testCases.IqSoft_API_5_Debit_Positive_Test" time="0.010" errors="0" timestamp="2022-10-10T18:13:49 AMT" skipped="0">
  <testcase classname="testCases.IqSoft_API_5_Debit_Positive_Test" name="DebitAPIValidateStatusCod" time="0.006"/>
  <system-out/>
  <testcase classname="testCases.IqSoft_API_5_Debit_Positive_Test" name="DebitAPIValidatePositiveResponse" time="0.004"/>
  <system-out/>
</testsuite> <!-- testCases.IqSoft_API_5_Debit_Positive_Test -->
