<?xml version="1.0" encoding="UTF-8"?>
<!-- Generated by org.testng.reporters.JUnitReportReporter -->
<testsuite hostname="DESKTOP-PO3T4V3" failures="0" tests="2" name="testCases.IqSoft_API_5_Debit_Positive_Test" time="0.003" errors="0" timestamp="2022-10-11T12:17:56 AMT" skipped="0">
  <testcase classname="testCases.IqSoft_API_5_Debit_Positive_Test" name="DebitAPIValidateStatusCod" time="0.001"/>
  <system-out/>
  <testcase classname="testCases.IqSoft_API_5_Debit_Positive_Test" name="DebitAPIValidatePositiveResponse" time="0.002"/>
  <system-out/>
</testsuite> <!-- testCases.IqSoft_API_5_Debit_Positive_Test -->
