<?xml version="1.0" encoding="UTF-8"?>
<!-- Generated by org.testng.reporters.JUnitReportReporter -->
<testsuite hostname="DESKTOP-PO3T4V3" failures="0" tests="3" name="testCases.IqSoft_API_6_RollBackDebit_Positive_Test" time="0.005" errors="0" timestamp="2022-10-17T17:12:16 AMT" skipped="0">
  <testcase classname="testCases.IqSoft_API_6_RollBackDebit_Positive_Test" name="RollBackAPIValidateStatusCod" time="0.002"/>
  <system-out/>
  <testcase classname="testCases.IqSoft_API_6_RollBackDebit_Positive_Test" name="RollBackAPIValidatePositiveResponse" time="0.002"/>
  <system-out/>
  <testcase classname="testCases.IqSoft_API_6_RollBackDebit_Positive_Test" name="RollBackAPIValidatePositiveResponseBalanceCorrection" time="0.001"/>
  <system-out/>
</testsuite> <!-- testCases.IqSoft_API_6_RollBackDebit_Positive_Test -->
