<?xml version="1.0" encoding="UTF-8"?>
<!-- Generated by org.testng.reporters.JUnitReportReporter -->
<testsuite hostname="DESKTOP-PO3T4V3" failures="0" tests="2" name="testCases.IqSoft_API_3_GetBalance_Positive_Test" time="0.006" errors="0" timestamp="2022-10-31T09:58:54 AMT" skipped="0">
  <testcase classname="testCases.IqSoft_API_3_GetBalance_Positive_Test" name="GetBalanceAPIValidateStatusCod" time="0.002"/>
  <system-out/>
  <testcase classname="testCases.IqSoft_API_3_GetBalance_Positive_Test" name="GetBalanceAPIValidatePositiveResponse" time="0.004"/>
  <system-out/>
</testsuite> <!-- testCases.IqSoft_API_3_GetBalance_Positive_Test -->
