<?xml version="1.0" encoding="UTF-8"?>
<!-- Generated by org.testng.reporters.JUnitReportReporter -->
<testsuite hostname="DESKTOP-PO3T4V3" failures="0" tests="2" name="testCases.IqSoft_API_4_Credit_Positive_Test" time="0.006" errors="0" timestamp="2022-10-26T12:54:15 AMT" skipped="0">
  <testcase classname="testCases.IqSoft_API_4_Credit_Positive_Test" name="CreditAPIValidateStatusCod" time="0.003"/>
  <system-out/>
  <testcase classname="testCases.IqSoft_API_4_Credit_Positive_Test" name="CreditAPIValidatePositiveResponse" time="0.003"/>
  <system-out/>
</testsuite> <!-- testCases.IqSoft_API_4_Credit_Positive_Test -->
