<?xml version="1.0" encoding="UTF-8"?>
<testsuite name="TestSuite" time="4.018" tests="18" errors="0" skipped="0" failures="9">
  <properties>
    <property name="java.runtime.name" value="Java(TM) SE Runtime Environment"/>
    <property name="java.vm.version" value="17.0.2+8-LTS-86"/>
    <property name="sun.boot.library.path" value="C:\Program Files\Java\jdk-17.0.2\bin"/>
    <property name="maven.multiModuleProjectDirectory" value="C:\Users\Nerses Khachatryan\Desktop\IQsoft_API_Integration-OpenGame\IQsoft_API_Integration-OpenGame\IQSoftAPI_Integration_QA"/>
    <property name="java.vm.vendor" value="Oracle Corporation"/>
    <property name="java.vendor.url" value="https://java.oracle.com/"/>
    <property name="guice.disable.misplaced.annotation.check" value="true"/>
    <property name="path.separator" value=";"/>
    <property name="java.vm.name" value="Java HotSpot(TM) 64-Bit Server VM"/>
    <property name="sun.os.patch.level" value=""/>
    <property name="user.script" value=""/>
    <property name="user.country" value="US"/>
    <property name="sun.java.launcher" value="SUN_STANDARD"/>
    <property name="java.vm.specification.name" value="Java Virtual Machine Specification"/>
    <property name="user.dir" value="C:\Users\Nerses Khachatryan\Desktop\IQsoft_API_Integration-OpenGame\IQsoft_API_Integration-OpenGame\IQSoftAPI_Integration_QA"/>
    <property name="java.vm.compressedOopsMode" value="32-bit"/>
    <property name="java.runtime.version" value="17.0.2+8-LTS-86"/>
    <property name="os.arch" value="amd64"/>
    <property name="java.io.tmpdir" value="C:\Users\NERSES~1\AppData\Local\Temp\"/>
    <property name="line.separator" value="&#10;"/>
    <property name="java.vm.specification.vendor" value="Oracle Corporation"/>
    <property name="user.variant" value=""/>
    <property name="os.name" value="Windows 10"/>
    <property name="classworlds.conf" value="C:\apache-maven-3.8.6-bin\apache-maven-3.8.6\bin\m2.conf"/>
    <property name="sun.jnu.encoding" value="Cp1252"/>
    <property name="java.library.path" value="C:\Program Files\Java\jdk-17.0.2\bin;C:\WINDOWS\Sun\Java\bin;C:\WINDOWS\system32;C:\WINDOWS;C:\Program Files\Common Files\Oracle\Java\javapath;C:\WINDOWS\system32;C:\WINDOWS;C:\WINDOWS\System32\Wbem;C:\WINDOWS\System32\WindowsPowerShell\v1.0\;C:\WINDOWS\System32\OpenSSH\;C:\Program Files\dotnet\;C:\Program Files\Microsoft SQL Server\130\Tools\Binn\;C:\Program Files\Microsoft SQL Server\Client SDK\ODBC\170\Tools\Binn\;C:\Program Files (x86)\Microsoft SQL Server\150\Tools\Binn\;C:\Program Files\Microsoft SQL Server\150\Tools\Binn\;C:\Program Files\Microsoft SQL Server\150\DTS\Binn\;C:\Program Files (x86)\Microsoft SQL Server\150\DTS\Binn\;C:\Program Files\Seq\;C:\Program Files\Seq\Client\;C:\Program Files\Java\jdk-17.0.2\bin;C:\Program Files\Common Files\Oracle\Java\javapath;C:\Program Files\nodejs\;C:\apache-maven-3.8.6-bin\apache-maven-3.8.6\bin;C:\apache-maven-3.8.6-bin\apache-maven-3.8.6;%M2_HOME%\bin;C:\Program Files\Git\cmd;C:\Users\Nerses Khachatryan\AppData\Local\Programs\Python\Python310\Scripts\;C:\Users\Nerses Khachatryan\AppData\Local\Programs\Python\Python310\;C:\Users\Nerses Khachatryan\AppData\Local\Microsoft\WindowsApps;C:\Users\Nerses Khachatryan\AppData\Roaming\npm;."/>
    <property name="maven.conf" value="C:\apache-maven-3.8.6-bin\apache-maven-3.8.6/conf"/>
    <property name="jdk.debug" value="release"/>
    <property name="java.class.version" value="61.0"/>
    <property name="java.specification.name" value="Java Platform API Specification"/>
    <property name="sun.management.compiler" value="HotSpot 64-Bit Tiered Compilers"/>
    <property name="os.version" value="10.0"/>
    <property name="library.jansi.path" value="C:\apache-maven-3.8.6-bin\apache-maven-3.8.6\lib\jansi-native"/>
    <property name="user.home" value="C:\Users\Nerses Khachatryan"/>
    <property name="user.timezone" value="Asia/Yerevan"/>
    <property name="file.encoding" value="Cp1252"/>
    <property name="java.specification.version" value="17"/>
    <property name="user.name" value="Nerses Khachatryan"/>
    <property name="java.class.path" value="C:\apache-maven-3.8.6-bin\apache-maven-3.8.6\boot\plexus-classworlds-2.6.0.jar"/>
    <property name="java.vm.specification.version" value="17"/>
    <property name="sun.arch.data.model" value="64"/>
    <property name="sun.java.command" value="org.codehaus.plexus.classworlds.launcher.Launcher clean install"/>
    <property name="java.home" value="C:\Program Files\Java\jdk-17.0.2"/>
    <property name="user.language" value="en"/>
    <property name="java.specification.vendor" value="Oracle Corporation"/>
    <property name="java.vm.info" value="mixed mode, sharing"/>
    <property name="java.version" value="17.0.2"/>
    <property name="native.encoding" value="Cp1252"/>
    <property name="java.vendor" value="Oracle Corporation"/>
    <property name="sun.stderr.encoding" value="cp437"/>
    <property name="maven.home" value="C:\apache-maven-3.8.6-bin\apache-maven-3.8.6"/>
    <property name="file.separator" value="\"/>
    <property name="java.version.date" value="2022-01-18"/>
    <property name="java.vendor.url.bug" value="https://bugreport.java.com/bugreport/"/>
    <property name="sun.io.unicode.encoding" value="UnicodeLittle"/>
    <property name="sun.cpu.endian" value="little"/>
    <property name="sun.stdout.encoding" value="cp437"/>
    <property name="sun.cpu.isalist" value="amd64"/>
  </properties>
  <testcase name="openGameAPIValidateStatusCod" classname="testCases.IqSoft_API_1_OpenGame_Positive_Test" time="0.091"/>
  <testcase name="openGameAPIValidatePositiveResponse" classname="testCases.IqSoft_API_1_OpenGame_Positive_Test" time="0.017">
    <failure message="The following asserts failed:&#10;	expected [0] but found [21],&#10;	Error Description: An error occurred while updating the entries. See the inner exception for details. expected [null] but found [An error occurred while updating the entries. See the inner exception for details.],&#10;	did not expect [null] but found [null],&#10;	expected [true] but found [false]" type="java.lang.AssertionError">java.lang.AssertionError: The following asserts failed:
	expected [0] but found [21],
	Error Description: An error occurred while updating the entries. See the inner exception for details. expected [null] but found [An error occurred while updating the entries. See the inner exception for details.],
	did not expect [null] but found [null],
	expected [true] but found [false]
	at org.testng.asserts.SoftAssert.assertAll(SoftAssert.java:46)
	at org.testng.asserts.SoftAssert.assertAll(SoftAssert.java:30)
	at testCases.IqSoft_API_1_OpenGame_Positive_Test.openGameAPIValidatePositiveResponse(IqSoft_API_1_OpenGame_Positive_Test.java:61)
</failure>
  </testcase>
  <testcase name="getUrlAPIValidateResponseWithInvalidToken" classname="testCases.IqSoft_API_1_OpenGame_Negative_Test" time="0.291"/>
  <testcase name="getUrlAPIValidateResponseWithExpiredToken" classname="testCases.IqSoft_API_1_OpenGame_Negative_Test" time="0.332">
    <failure message="The following asserts failed:&#10;	expected [22] but found [21],&#10;	Error Description: An error occurred while updating the entries. See the inner exception for details. expected [Client not found] but found [An error occurred while updating the entries. See the inner exception for details.]" type="java.lang.AssertionError">java.lang.AssertionError: The following asserts failed:
	expected [22] but found [21],
	Error Description: An error occurred while updating the entries. See the inner exception for details. expected [Client not found] but found [An error occurred while updating the entries. See the inner exception for details.]
	at org.testng.asserts.SoftAssert.assertAll(SoftAssert.java:46)
	at org.testng.asserts.SoftAssert.assertAll(SoftAssert.java:30)
	at testCases.IqSoft_API_1_OpenGame_Negative_Test.getUrlAPIValidateResponseWithExpiredToken(IqSoft_API_1_OpenGame_Negative_Test.java:77)
</failure>
    <system-err><![CDATA[Oct 06, 2022 2:01:15 PM testCases.BaseTest openGameAPI
INFO: getURLRequestBody :{"PartnerId":61,"GameId":54351,"Token":"1120c26b-4477-11ed-b772-ecb1d7ae60a8","LanguageId":"en","IsForMobile":false,"Domain":"dazarbet.com"}
Oct 06, 2022 2:01:16 PM testCases.IqSoft_API_1_OpenGame_Negative_Test getUrlAPIValidateResponseWithExpiredToken
INFO: OpenGame API ResponseCode is Equal: 21
Oct 06, 2022 2:01:16 PM testCases.IqSoft_API_1_OpenGame_Negative_Test getUrlAPIValidateResponseWithExpiredToken
INFO: OpenGame API Description is Equal: An error occurred while updating the entries. See the inner exception for details.
Oct 06, 2022 2:01:16 PM testCases.IqSoft_API_1_OpenGame_Negative_Test getUrlAPIValidateResponseWithExpiredToken
INFO: OpenGame API ResponseObject is Equal: null
Oct 06, 2022 2:01:16 PM testCases.IqSoft_API_1_OpenGame_Negative_Test getUrlAPIValidateResponseWithExpiredToken
INFO: OpenGame API Response Status Cod is Equal: 200
]]></system-err>
  </testcase>
  <testcase name="getUrlAPIValidateResponseWithInvalidPartnerID" classname="testCases.IqSoft_API_1_OpenGame_Negative_Test" time="0.436">
    <failure message="The following asserts failed:&#10;	expected [22] but found [21],&#10;	Error Description: An error occurred while updating the entries. See the inner exception for details. expected [ClientNotFound ] but found [An error occurred while updating the entries. See the inner exception for details.]" type="java.lang.AssertionError">java.lang.AssertionError: The following asserts failed:
	expected [22] but found [21],
	Error Description: An error occurred while updating the entries. See the inner exception for details. expected [ClientNotFound ] but found [An error occurred while updating the entries. See the inner exception for details.]
	at org.testng.asserts.SoftAssert.assertAll(SoftAssert.java:46)
	at org.testng.asserts.SoftAssert.assertAll(SoftAssert.java:30)
	at testCases.IqSoft_API_1_OpenGame_Negative_Test.getUrlAPIValidateResponseWithInvalidPartnerID(IqSoft_API_1_OpenGame_Negative_Test.java:108)
</failure>
    <system-err><![CDATA[Oct 06, 2022 2:01:16 PM testCases.BaseTest openGameAPI
INFO: getURLRequestBody :{"PartnerId":-1,"GameId":54351,"Token":"6cf0a441-455a-11ed-b772-ecb1d7ae60a8","LanguageId":"en","IsForMobile":false,"Domain":"dazarbet.com"}
Oct 06, 2022 2:01:16 PM testCases.IqSoft_API_1_OpenGame_Negative_Test getUrlAPIValidateResponseWithInvalidPartnerID
INFO: OpenGame API ResponseCode is Equal: 21
Oct 06, 2022 2:01:16 PM testCases.IqSoft_API_1_OpenGame_Negative_Test getUrlAPIValidateResponseWithInvalidPartnerID
INFO: OpenGame API Description is Equal: An error occurred while updating the entries. See the inner exception for details.
Oct 06, 2022 2:01:16 PM testCases.IqSoft_API_1_OpenGame_Negative_Test getUrlAPIValidateResponseWithInvalidPartnerID
INFO: OpenGame API ResponseObject is Equal: null
Oct 06, 2022 2:01:16 PM testCases.IqSoft_API_1_OpenGame_Negative_Test getUrlAPIValidateResponseWithInvalidPartnerID
INFO: OpenGame API Response Status Cod is Equal: 200
]]></system-err>
  </testcase>
  <testcase name="getUrlAPIValidateResponseWithInvalidGameID" classname="testCases.IqSoft_API_1_OpenGame_Negative_Test" time="0.173"/>
  <testcase name="getUrlAPIValidateResponseWithInvalidDomain" classname="testCases.IqSoft_API_1_OpenGame_Negative_Test" time="0.323">
    <failure message="The following asserts failed:&#10;	expected [43] but found [21],&#10;	Error Description: An error occurred while updating the entries. See the inner exception for details. expected [ProductNotFound] but found [An error occurred while updating the entries. See the inner exception for details.]" type="java.lang.AssertionError">java.lang.AssertionError: The following asserts failed:
	expected [43] but found [21],
	Error Description: An error occurred while updating the entries. See the inner exception for details. expected [ProductNotFound] but found [An error occurred while updating the entries. See the inner exception for details.]
	at org.testng.asserts.SoftAssert.assertAll(SoftAssert.java:46)
	at org.testng.asserts.SoftAssert.assertAll(SoftAssert.java:30)
	at testCases.IqSoft_API_1_OpenGame_Negative_Test.getUrlAPIValidateResponseWithInvalidDomain(IqSoft_API_1_OpenGame_Negative_Test.java:169)
</failure>
    <system-err><![CDATA[Oct 06, 2022 2:01:16 PM testCases.BaseTest openGameAPI
INFO: getURLRequestBody :{"PartnerId":61,"GameId":54351,"Token":"6cf0a441-455a-11ed-b772-ecb1d7ae60a8","LanguageId":"en","IsForMobile":false,"Domain":"dazarbet.com1"}
Oct 06, 2022 2:01:16 PM testCases.IqSoft_API_1_OpenGame_Negative_Test getUrlAPIValidateResponseWithInvalidDomain
INFO: OpenGame API ResponseCode is Equal: 21
Oct 06, 2022 2:01:16 PM testCases.IqSoft_API_1_OpenGame_Negative_Test getUrlAPIValidateResponseWithInvalidDomain
INFO: OpenGame API Description is Equal: An error occurred while updating the entries. See the inner exception for details.
Oct 06, 2022 2:01:16 PM testCases.IqSoft_API_1_OpenGame_Negative_Test getUrlAPIValidateResponseWithInvalidDomain
INFO: OpenGame API ResponseObject is Equal: null
Oct 06, 2022 2:01:16 PM testCases.IqSoft_API_1_OpenGame_Negative_Test getUrlAPIValidateResponseWithInvalidDomain
INFO: OpenGame API Response Status Cod is Equal: 200
]]></system-err>
  </testcase>
  <testcase name="AuthorizationAPIValidateStatusCod" classname="testCases.IqSoft_API_2_Authorization_Positive_Test" time="0"/>
  <testcase name="AuthorizationAPIValidatePositiveResponse" classname="testCases.IqSoft_API_2_Authorization_Positive_Test" time="0.002"/>
  <testcase name="AuthorizationAPIValidateResponseWithExpiredToken" classname="testCases.IqSoft_API_2_Authorization_Negative_Test" time="0.477">
    <failure message="The following asserts failed:&#10;	expected [29] but found [0],&#10;	Error Description: null expected [SessionExpired] but found [null]" type="java.lang.AssertionError">java.lang.AssertionError: The following asserts failed:
	expected [29] but found [0],
	Error Description: null expected [SessionExpired] but found [null]
	at org.testng.asserts.SoftAssert.assertAll(SoftAssert.java:46)
	at org.testng.asserts.SoftAssert.assertAll(SoftAssert.java:30)
	at testCases.IqSoft_API_2_Authorization_Negative_Test.AuthorizationAPIValidateResponseWithExpiredToken(IqSoft_API_2_Authorization_Negative_Test.java:47)
</failure>
    <system-err><![CDATA[Oct 06, 2022 2:01:17 PM testCases.BaseTest authorizationAPI
INFO: AuthorizationRequestBody : {"Token":"1120c26b-4477-11ed-b772-ecb1d7ae60a8","ProductId":54351}
Oct 06, 2022 2:01:17 PM testCases.IqSoft_API_2_Authorization_Negative_Test AuthorizationAPIValidateResponseWithExpiredToken
INFO: Authorization API Response Status cod : 200
Oct 06, 2022 2:01:17 PM testCases.IqSoft_API_2_Authorization_Negative_Test AuthorizationAPIValidateResponseWithExpiredToken
INFO: Authorization API Response ResponseCode : 0
Oct 06, 2022 2:01:17 PM testCases.IqSoft_API_2_Authorization_Negative_Test AuthorizationAPIValidateResponseWithExpiredToken
INFO: Authorization API Response Description : null
]]></system-err>
  </testcase>
  <testcase name="AuthorizationAPIValidateResponseWithInvalidToken" classname="testCases.IqSoft_API_2_Authorization_Negative_Test" time="0.471"/>
  <testcase name="AuthorizationAPIValidateResponseWithInvalidProductID" classname="testCases.IqSoft_API_2_Authorization_Negative_Test" time="0.47">
    <failure message="The following asserts failed:&#10;	expected [43] but found [0],&#10;	Error Description: null expected [ProductNotFound] but found [null]" type="java.lang.AssertionError">java.lang.AssertionError: The following asserts failed:
	expected [43] but found [0],
	Error Description: null expected [ProductNotFound] but found [null]
	at org.testng.asserts.SoftAssert.assertAll(SoftAssert.java:46)
	at org.testng.asserts.SoftAssert.assertAll(SoftAssert.java:30)
	at testCases.IqSoft_API_2_Authorization_Negative_Test.AuthorizationAPIValidateResponseWithInvalidProductID(IqSoft_API_2_Authorization_Negative_Test.java:106)
</failure>
    <system-err><![CDATA[Oct 06, 2022 2:01:18 PM testCases.BaseTest authorizationAPI
INFO: AuthorizationRequestBody : {"Token":"6cf0a441-455a-11ed-b772-ecb1d7ae60a8","ProductId":54351}
Oct 06, 2022 2:01:18 PM testCases.IqSoft_API_2_Authorization_Negative_Test AuthorizationAPIValidateResponseWithInvalidProductID
INFO: Authorization API Response Status cod : 200
Oct 06, 2022 2:01:18 PM testCases.IqSoft_API_2_Authorization_Negative_Test AuthorizationAPIValidateResponseWithInvalidProductID
INFO: Authorization API Response ResponseCode : 0
Oct 06, 2022 2:01:18 PM testCases.IqSoft_API_2_Authorization_Negative_Test AuthorizationAPIValidateResponseWithInvalidProductID
INFO: Authorization API Response Description : null
]]></system-err>
  </testcase>
  <testcase name="GetBalanceAPIValidateStatusCod" classname="testCases.IqSoft_API_3_GetBalance_Positive_Test" time="0.001"/>
  <testcase name="GetBalanceAPIValidatePositiveResponse" classname="testCases.IqSoft_API_3_GetBalance_Positive_Test" time="0.006"/>
  <testcase name="GetBalanceAPIValidateResponseWithExpiredToken" classname="testCases.IqSoft_API_3_GetBalance_Negative_Test" time="0.186">
    <failure message="The following asserts failed:&#10;	expected [29] but found [0],&#10;	Error Description: null expected [SessionExpired] but found [null]" type="java.lang.AssertionError">java.lang.AssertionError: The following asserts failed:
	expected [29] but found [0],
	Error Description: null expected [SessionExpired] but found [null]
	at org.testng.asserts.SoftAssert.assertAll(SoftAssert.java:46)
	at org.testng.asserts.SoftAssert.assertAll(SoftAssert.java:30)
	at testCases.IqSoft_API_3_GetBalance_Negative_Test.GetBalanceAPIValidateResponseWithExpiredToken(IqSoft_API_3_GetBalance_Negative_Test.java:46)
</failure>
    <system-err><![CDATA[Oct 06, 2022 2:01:19 PM testCases.BaseTest getBalanceAPI
INFO: GetBalanceRequestBody : {"Token":"1120c26b-4477-11ed-b772-ecb1d7ae60a8","CurrencyId":"TND"}
Oct 06, 2022 2:01:19 PM testCases.IqSoft_API_3_GetBalance_Negative_Test GetBalanceAPIValidateResponseWithExpiredToken
INFO: GetBalance API Response ResponseCode : 0
]]></system-err>
  </testcase>
  <testcase name="GetBalanceAPIValidateResponseWithInvalidToken" classname="testCases.IqSoft_API_3_GetBalance_Negative_Test" time="0.185"/>
  <testcase name="GetBalanceAPIValidateResponseWithInvalidCurrencyID" classname="testCases.IqSoft_API_3_GetBalance_Negative_Test" time="0.184">
    <failure message="The following asserts failed:&#10;	expected [20] but found [0],&#10;	Error Description: error login expected [CurrencyNotExists] but found [error login]" type="java.lang.AssertionError">java.lang.AssertionError: The following asserts failed:
	expected [20] but found [0],
	Error Description: error login expected [CurrencyNotExists] but found [error login]
	at org.testng.asserts.SoftAssert.assertAll(SoftAssert.java:46)
	at org.testng.asserts.SoftAssert.assertAll(SoftAssert.java:30)
	at testCases.IqSoft_API_3_GetBalance_Negative_Test.GetBalanceAPIValidateResponseWithInvalidCurrencyID(IqSoft_API_3_GetBalance_Negative_Test.java:103)
</failure>
    <system-err><![CDATA[Oct 06, 2022 2:01:19 PM testCases.BaseTest getBalanceAPI
INFO: GetBalanceRequestBody : {"Token":"6cf0a441-455a-11ed-b772-ecb1d7ae60a8","CurrencyId":"TND1"}
Oct 06, 2022 2:01:19 PM testCases.IqSoft_API_3_GetBalance_Negative_Test GetBalanceAPIValidateResponseWithInvalidCurrencyID
INFO: GetBalance API Response ResponseCode : 0
]]></system-err>
  </testcase>
  <testcase name="GetBalanceAPIValidateResponseWithOtherCurrencyID" classname="testCases.IqSoft_API_3_GetBalance_Negative_Test" time="0.373">
    <failure message="did not expect [9900.0] but found [9900.0]" type="java.lang.AssertionError">java.lang.AssertionError: did not expect [9900.0] but found [9900.0]
	at org.testng.Assert.fail(Assert.java:110)
	at org.testng.Assert.failEquals(Assert.java:1417)
	at org.testng.Assert.assertNotEqualsImpl(Assert.java:156)
	at org.testng.Assert.assertNotEquals(Assert.java:2033)
	at org.testng.Assert.assertNotEquals(Assert.java:2055)
	at testCases.IqSoft_API_3_GetBalance_Negative_Test.GetBalanceAPIValidateResponseWithOtherCurrencyID(IqSoft_API_3_GetBalance_Negative_Test.java:126)
</failure>
    <system-err><![CDATA[Oct 06, 2022 2:01:19 PM testCases.BaseTest getBalanceAPI
INFO: GetBalanceRequestBody : {"Token":"6cf0a441-455a-11ed-b772-ecb1d7ae60a8","CurrencyId":"USD"}
Oct 06, 2022 2:01:19 PM testCases.BaseTest getBalanceAPI
INFO: GetBalanceRequestBody : {"Token":"6cf0a441-455a-11ed-b772-ecb1d7ae60a8","CurrencyId":"EUR"}
]]></system-err>
  </testcase>
</testsuite>