<?xml version="1.0" encoding="UTF-8"?>
<testsuite name="TestSuite" time="55.432" tests="55" errors="0" skipped="0" failures="18">
  <properties>
    <property name="java.runtime.name" value="Java(TM) SE Runtime Environment"/>
    <property name="java.vm.version" value="17.0.2+8-LTS-86"/>
    <property name="sun.boot.library.path" value="C:\Program Files\Java\jdk-17.0.2\bin"/>
    <property name="maven.multiModuleProjectDirectory" value="C:\Users\Nerses Khachatryan\Desktop\IQsoft_API_Integration-OpenGame\IQsoft_API_Integration-OpenGame\IQSoftAPI_Integration_QA"/>
    <property name="java.vm.vendor" value="Oracle Corporation"/>
    <property name="java.vendor.url" value="https://java.oracle.com/"/>
    <property name="guice.disable.misplaced.annotation.check" value="true"/>
    <property name="path.separator" value=";"/>
    <property name="java.vm.name" value="Java HotSpot(TM) 64-Bit Server VM"/>
    <property name="sun.os.patch.level" value=""/>
    <property name="user.script" value=""/>
    <property name="user.country" value="US"/>
    <property name="sun.java.launcher" value="SUN_STANDARD"/>
    <property name="java.vm.specification.name" value="Java Virtual Machine Specification"/>
    <property name="user.dir" value="C:\Users\Nerses Khachatryan\Desktop\IQsoft_API_Integration-OpenGame\IQsoft_API_Integration-OpenGame\IQSoftAPI_Integration_QA"/>
    <property name="java.vm.compressedOopsMode" value="32-bit"/>
    <property name="java.runtime.version" value="17.0.2+8-LTS-86"/>
    <property name="os.arch" value="amd64"/>
    <property name="java.io.tmpdir" value="C:\Users\NERSES~1\AppData\Local\Temp\"/>
    <property name="line.separator" value="&#10;"/>
    <property name="java.vm.specification.vendor" value="Oracle Corporation"/>
    <property name="user.variant" value=""/>
    <property name="os.name" value="Windows 10"/>
    <property name="classworlds.conf" value="C:\apache-maven-3.8.6-bin\apache-maven-3.8.6\bin\m2.conf"/>
    <property name="sun.jnu.encoding" value="Cp1252"/>
    <property name="java.library.path" value="C:\Program Files\Java\jdk-17.0.2\bin;C:\WINDOWS\Sun\Java\bin;C:\WINDOWS\system32;C:\WINDOWS;C:\Program Files\Common Files\Oracle\Java\javapath;C:\WINDOWS\system32;C:\WINDOWS;C:\WINDOWS\System32\Wbem;C:\WINDOWS\System32\WindowsPowerShell\v1.0\;C:\WINDOWS\System32\OpenSSH\;C:\Program Files\dotnet\;C:\Program Files\Microsoft SQL Server\130\Tools\Binn\;C:\Program Files\Microsoft SQL Server\Client SDK\ODBC\170\Tools\Binn\;C:\Program Files (x86)\Microsoft SQL Server\150\Tools\Binn\;C:\Program Files\Microsoft SQL Server\150\Tools\Binn\;C:\Program Files\Microsoft SQL Server\150\DTS\Binn\;C:\Program Files (x86)\Microsoft SQL Server\150\DTS\Binn\;C:\Program Files\Seq\;C:\Program Files\Seq\Client\;C:\Program Files\Java\jdk-17.0.2\bin;C:\Program Files\Common Files\Oracle\Java\javapath;C:\Program Files\nodejs\;C:\apache-maven-3.8.6-bin\apache-maven-3.8.6\bin;C:\apache-maven-3.8.6-bin\apache-maven-3.8.6;%M2_HOME%\bin;C:\Program Files\Git\cmd;C:\Users\Nerses Khachatryan\AppData\Local\Programs\Python\Python310\Scripts\;C:\Users\Nerses Khachatryan\AppData\Local\Programs\Python\Python310\;C:\Users\Nerses Khachatryan\AppData\Local\Microsoft\WindowsApps;C:\Users\Nerses Khachatryan\AppData\Roaming\npm;."/>
    <property name="maven.conf" value="C:\apache-maven-3.8.6-bin\apache-maven-3.8.6/conf"/>
    <property name="jdk.debug" value="release"/>
    <property name="java.class.version" value="61.0"/>
    <property name="java.specification.name" value="Java Platform API Specification"/>
    <property name="sun.management.compiler" value="HotSpot 64-Bit Tiered Compilers"/>
    <property name="os.version" value="10.0"/>
    <property name="library.jansi.path" value="C:\apache-maven-3.8.6-bin\apache-maven-3.8.6\lib\jansi-native"/>
    <property name="user.home" value="C:\Users\Nerses Khachatryan"/>
    <property name="user.timezone" value="Asia/Yerevan"/>
    <property name="file.encoding" value="Cp1252"/>
    <property name="java.specification.version" value="17"/>
    <property name="user.name" value="Nerses Khachatryan"/>
    <property name="java.class.path" value="C:\apache-maven-3.8.6-bin\apache-maven-3.8.6\boot\plexus-classworlds-2.6.0.jar"/>
    <property name="java.vm.specification.version" value="17"/>
    <property name="sun.arch.data.model" value="64"/>
    <property name="sun.java.command" value="org.codehaus.plexus.classworlds.launcher.Launcher clean install"/>
    <property name="java.home" value="C:\Program Files\Java\jdk-17.0.2"/>
    <property name="user.language" value="en"/>
    <property name="java.specification.vendor" value="Oracle Corporation"/>
    <property name="java.vm.info" value="mixed mode, sharing"/>
    <property name="java.version" value="17.0.2"/>
    <property name="native.encoding" value="Cp1252"/>
    <property name="java.vendor" value="Oracle Corporation"/>
    <property name="sun.stderr.encoding" value="cp437"/>
    <property name="maven.home" value="C:\apache-maven-3.8.6-bin\apache-maven-3.8.6"/>
    <property name="file.separator" value="\"/>
    <property name="java.version.date" value="2022-01-18"/>
    <property name="java.vendor.url.bug" value="https://bugreport.java.com/bugreport/"/>
    <property name="sun.io.unicode.encoding" value="UnicodeLittle"/>
    <property name="sun.cpu.endian" value="little"/>
    <property name="sun.stdout.encoding" value="cp437"/>
    <property name="sun.cpu.isalist" value="amd64"/>
  </properties>
  <testcase name="openGameAPIValidateStatusCod" classname="testCases.IqSoft_API_1_OpenGame_Positive_Test" time="0.086"/>
  <testcase name="openGameAPIValidatePositiveResponse" classname="testCases.IqSoft_API_1_OpenGame_Positive_Test" time="0.016">
    <failure message="The following asserts failed:&#10;	ResponseCode: 21 expected [0] but found [21],&#10;	Error Description: An error occurred while updating the entries. See the inner exception for details. expected [null] but found [An error occurred while updating the entries. See the inner exception for details.],&#10;	ResponseObject: null did not expect [null] but found [null],&#10;	ResponseObject Don&apos;t Contain http:// expected [true] but found [false]" type="java.lang.AssertionError">java.lang.AssertionError: The following asserts failed:
	ResponseCode: 21 expected [0] but found [21],
	Error Description: An error occurred while updating the entries. See the inner exception for details. expected [null] but found [An error occurred while updating the entries. See the inner exception for details.],
	ResponseObject: null did not expect [null] but found [null],
	ResponseObject Don't Contain http:// expected [true] but found [false]
	at org.testng.asserts.SoftAssert.assertAll(SoftAssert.java:46)
	at org.testng.asserts.SoftAssert.assertAll(SoftAssert.java:30)
	at testCases.IqSoft_API_1_OpenGame_Positive_Test.openGameAPIValidatePositiveResponse(IqSoft_API_1_OpenGame_Positive_Test.java:60)
</failure>
    <system-out><![CDATA[ERROR [main] (ReportingAllure.java:61)- openGameAPIValidatePositiveResponse Test failed
]]></system-out>
  </testcase>
  <testcase name="openGameAPIValidateResponseWithInvalidToken" classname="testCases.IqSoft_API_1_OpenGame_Negative_Test" time="0.686"/>
  <testcase name="openGameAPIValidateResponseWithExpiredToken" classname="testCases.IqSoft_API_1_OpenGame_Negative_Test" time="0.857">
    <failure message="The following asserts failed:&#10;	ResponseCode: 21 expected [22] but found [21],&#10;	Error Description: An error occurred while updating the entries. See the inner exception for details. expected [Client not found] but found [An error occurred while updating the entries. See the inner exception for details.]" type="java.lang.AssertionError">java.lang.AssertionError: The following asserts failed:
	ResponseCode: 21 expected [22] but found [21],
	Error Description: An error occurred while updating the entries. See the inner exception for details. expected [Client not found] but found [An error occurred while updating the entries. See the inner exception for details.]
	at org.testng.asserts.SoftAssert.assertAll(SoftAssert.java:46)
	at org.testng.asserts.SoftAssert.assertAll(SoftAssert.java:30)
	at testCases.IqSoft_API_1_OpenGame_Negative_Test.openGameAPIValidateResponseWithExpiredToken(IqSoft_API_1_OpenGame_Negative_Test.java:72)
</failure>
    <system-out><![CDATA[ INFO [main] (BaseTest.java:120)- https://production.iqsoftllc.com/61/api/Integration/OpenGame
 INFO [main] (BaseTest.java:121)- 
 INFO [main] (BaseTest.java:122)- OpenGameAPI RequestBody {"PartnerId":61,"GameId":54351,"Token":"6cf0a441-455a-11ed-b772-ecb1d7ae60a8","LanguageId":"en","IsForMobile":false,"Domain":"dazarbet.com"}
 INFO [main] (BaseTest.java:123)- 
 INFO [main] (BaseTest.java:124)- OpenGameAPI ResponseBody {"ResponseCode":21,"Description":"An error occurred while updating the entries. See the inner exception for details.","ResponseObject":null}  ResponseTime 846 ms
 INFO [main] (BaseTest.java:125)- 
 INFO [main] (IqSoft_API_1_OpenGame_Negative_Test.java:63)- OpenGame API Response Status Cod is Equal: 200
ERROR [main] (ReportingAllure.java:61)- openGameAPIValidateResponseWithExpiredToken Test failed
]]></system-out>
  </testcase>
  <testcase name="openGameAPIValidateResponseWithInvalidPartnerID" classname="testCases.IqSoft_API_1_OpenGame_Negative_Test" time="0.865">
    <failure message="The following asserts failed:&#10;	ResponseCode 21 expected [22] but found [21],&#10;	Error Description: An error occurred while updating the entries. See the inner exception for details. expected [ClientNotFound ] but found [An error occurred while updating the entries. See the inner exception for details.]" type="java.lang.AssertionError">java.lang.AssertionError: The following asserts failed:
	ResponseCode 21 expected [22] but found [21],
	Error Description: An error occurred while updating the entries. See the inner exception for details. expected [ClientNotFound ] but found [An error occurred while updating the entries. See the inner exception for details.]
	at org.testng.asserts.SoftAssert.assertAll(SoftAssert.java:46)
	at org.testng.asserts.SoftAssert.assertAll(SoftAssert.java:30)
	at testCases.IqSoft_API_1_OpenGame_Negative_Test.openGameAPIValidateResponseWithInvalidPartnerID(IqSoft_API_1_OpenGame_Negative_Test.java:98)
</failure>
    <system-out><![CDATA[ INFO [main] (BaseTest.java:120)- https://production.iqsoftllc.com/61/api/Integration/OpenGame
 INFO [main] (BaseTest.java:121)- 
 INFO [main] (BaseTest.java:122)- OpenGameAPI RequestBody {"PartnerId":-1,"GameId":54351,"Token":"e30214f9-4872-11ed-b772-ecb1d7ae60a8","LanguageId":"en","IsForMobile":false,"Domain":"dazarbet.com"}
 INFO [main] (BaseTest.java:123)- 
 INFO [main] (BaseTest.java:124)- OpenGameAPI ResponseBody {"ResponseCode":21,"Description":"An error occurred while updating the entries. See the inner exception for details.","ResponseObject":null}  ResponseTime 852 ms
 INFO [main] (BaseTest.java:125)- 
 INFO [main] (IqSoft_API_1_OpenGame_Negative_Test.java:90)- OpenGame API Response Status Cod is Equal: 200
ERROR [main] (ReportingAllure.java:61)- openGameAPIValidateResponseWithInvalidPartnerID Test failed
]]></system-out>
  </testcase>
  <testcase name="openGameAPIValidateResponseWithInvalidGameID" classname="testCases.IqSoft_API_1_OpenGame_Negative_Test" time="0.883"/>
  <testcase name="openGameAPIValidateResponseWithInvalidDomain" classname="testCases.IqSoft_API_1_OpenGame_Negative_Test" time="0.87">
    <failure message="The following asserts failed:&#10;	ResponseCode: 21 expected [43] but found [21],&#10;	Error Description: An error occurred while updating the entries. See the inner exception for details. expected [ProductNotFound] but found [An error occurred while updating the entries. See the inner exception for details.]" type="java.lang.AssertionError">java.lang.AssertionError: The following asserts failed:
	ResponseCode: 21 expected [43] but found [21],
	Error Description: An error occurred while updating the entries. See the inner exception for details. expected [ProductNotFound] but found [An error occurred while updating the entries. See the inner exception for details.]
	at org.testng.asserts.SoftAssert.assertAll(SoftAssert.java:46)
	at org.testng.asserts.SoftAssert.assertAll(SoftAssert.java:30)
	at testCases.IqSoft_API_1_OpenGame_Negative_Test.openGameAPIValidateResponseWithInvalidDomain(IqSoft_API_1_OpenGame_Negative_Test.java:151)
</failure>
    <system-out><![CDATA[ INFO [main] (BaseTest.java:120)- https://production.iqsoftllc.com/61/api/Integration/OpenGame
 INFO [main] (BaseTest.java:121)- 
 INFO [main] (BaseTest.java:122)- OpenGameAPI RequestBody {"PartnerId":61,"GameId":54351,"Token":"e30214f9-4872-11ed-b772-ecb1d7ae60a8","LanguageId":"en","IsForMobile":false,"Domain":"dazarbet.com1"}
 INFO [main] (BaseTest.java:123)- 
 INFO [main] (BaseTest.java:124)- OpenGameAPI ResponseBody {"ResponseCode":21,"Description":"An error occurred while updating the entries. See the inner exception for details.","ResponseObject":null}  ResponseTime 854 ms
 INFO [main] (BaseTest.java:125)- 
 INFO [main] (IqSoft_API_1_OpenGame_Negative_Test.java:143)- OpenGame API Response Status Cod is Equal: 200
ERROR [main] (ReportingAllure.java:61)- openGameAPIValidateResponseWithInvalidDomain Test failed
]]></system-out>
  </testcase>
  <testcase name="AuthorizationAPIValidateStatusCod" classname="testCases.IqSoft_API_2_Authorization_Positive_Test" time="0.004"/>
  <testcase name="AuthorizationAPIValidatePositiveResponse" classname="testCases.IqSoft_API_2_Authorization_Positive_Test" time="0.004"/>
  <testcase name="GetBalanceAPIValidateStatusCod" classname="testCases.IqSoft_API_3_GetBalance_Positive_Test" time="0.009"/>
  <testcase name="GetBalanceAPIValidatePositiveResponse" classname="testCases.IqSoft_API_3_GetBalance_Positive_Test" time="0.001"/>
  <testcase name="CreditAPIValidateStatusCod" classname="testCases.IqSoft_API_4_Credit_Positive_Test" time="0.01"/>
  <testcase name="CreditAPIValidatePositiveResponse" classname="testCases.IqSoft_API_4_Credit_Positive_Test" time="0"/>
  <testcase name="DebitAPIValidateStatusCod" classname="testCases.IqSoft_API_5_Debit_Positive_Test" time="0"/>
  <testcase name="DebitAPIValidatePositiveResponse" classname="testCases.IqSoft_API_5_Debit_Positive_Test" time="0.086"/>
  <testcase name="RollBackAPIValidateStatusCod" classname="testCases.IqSoft_API_6_RollBackCreditWithDebit_Positive_Test" time="0.005"/>
  <testcase name="RollBackAPIValidatePositiveResponse" classname="testCases.IqSoft_API_6_RollBackCreditWithDebit_Positive_Test" time="0.006"/>
  <testcase name="RollBackAPIValidatePositiveResponseBalanceCorrection" classname="testCases.IqSoft_API_6_RollBackCreditWithDebit_Positive_Test" time="0.005"/>
  <testcase name="RollBackAPIValidateStatusCod" classname="testCases.IqSoft_API_6_RollBackCreditWithoutDebit_Positive_Test" time="0.007"/>
  <testcase name="RollBackAPIValidatePositiveResponse" classname="testCases.IqSoft_API_6_RollBackCreditWithoutDebit_Positive_Test" time="0.001"/>
  <testcase name="RollBackAPIValidatePositiveResponseBalanceCorrection" classname="testCases.IqSoft_API_6_RollBackCreditWithoutDebit_Positive_Test" time="0"/>
  <testcase name="RollBackAPIValidateStatusCod" classname="testCases.IqSoft_API_6_RollBackDebit_Positive_Test" time="0"/>
  <testcase name="RollBackAPIValidatePositiveResponse" classname="testCases.IqSoft_API_6_RollBackDebit_Positive_Test" time="0"/>
  <testcase name="RollBackAPIValidatePositiveResponseBalanceCorrection" classname="testCases.IqSoft_API_6_RollBackDebit_Positive_Test" time="0"/>
  <testcase name="AuthorizationAPIValidateResponseWithExpiredToken" classname="testCases.IqSoft_API_2_Authorization_Negative_Test" time="0.624">
    <failure message="The following asserts failed:&#10;	ResponseCode: 0 expected [29] but found [0],&#10;	Error Description: null expected [SessionExpired] but found [null]" type="java.lang.AssertionError">java.lang.AssertionError: The following asserts failed:
	ResponseCode: 0 expected [29] but found [0],
	Error Description: null expected [SessionExpired] but found [null]
	at org.testng.asserts.SoftAssert.assertAll(SoftAssert.java:46)
	at org.testng.asserts.SoftAssert.assertAll(SoftAssert.java:30)
	at testCases.IqSoft_API_2_Authorization_Negative_Test.AuthorizationAPIValidateResponseWithExpiredToken(IqSoft_API_2_Authorization_Negative_Test.java:42)
</failure>
    <system-out><![CDATA[ INFO [main] (BaseTest.java:149)- https://iqs.dazzabet.com/api/endpoint/Authorization
 INFO [main] (BaseTest.java:150)- 
 INFO [main] (BaseTest.java:151)- AuthorizationAPI RequestBody {"Token":"6cf0a441-455a-11ed-b772-ecb1d7ae60a8","ProductId":54351}
 INFO [main] (BaseTest.java:152)- 
 INFO [main] (BaseTest.java:153)- AuthorizationAPI ResponseBody {"Token":"6cf0a441-455a-11ed-b772-ecb1d7ae60a8","Gender":"1","ClientId":"dazzabet10130","LastName":"","UserName":"testuser","BirthDate":"1998-12-29","FirstName":"","CurrencyId":"TND","Description":null,"ResponseCode":0}  ResponseTime 596 ms
 INFO [main] (BaseTest.java:154)- 
 INFO [main] (IqSoft_API_2_Authorization_Negative_Test.java:29)- Authorization API Response Status cod : 200
ERROR [main] (ReportingAllure.java:61)- AuthorizationAPIValidateResponseWithExpiredToken Test failed
]]></system-out>
  </testcase>
  <testcase name="AuthorizationAPIValidateResponseWithInvalidToken" classname="testCases.IqSoft_API_2_Authorization_Negative_Test" time="0.566"/>
  <testcase name="AuthorizationAPIValidateResponseWithInvalidProductID" classname="testCases.IqSoft_API_2_Authorization_Negative_Test" time="0.678">
    <failure message="The following asserts failed:&#10;	ResponseCode: 0 expected [43] but found [0],&#10;	Error Description: null expected [ProductNotFound] but found [null]" type="java.lang.AssertionError">java.lang.AssertionError: The following asserts failed:
	ResponseCode: 0 expected [43] but found [0],
	Error Description: null expected [ProductNotFound] but found [null]
	at org.testng.asserts.SoftAssert.assertAll(SoftAssert.java:46)
	at org.testng.asserts.SoftAssert.assertAll(SoftAssert.java:30)
	at testCases.IqSoft_API_2_Authorization_Negative_Test.AuthorizationAPIValidateResponseWithInvalidProductID(IqSoft_API_2_Authorization_Negative_Test.java:95)
</failure>
    <system-out><![CDATA[ INFO [main] (BaseTest.java:149)- https://iqs.dazzabet.com/api/endpoint/Authorization
 INFO [main] (BaseTest.java:150)- 
 INFO [main] (BaseTest.java:151)- AuthorizationAPI RequestBody {"Token":"e30214f9-4872-11ed-b772-ecb1d7ae60a8","ProductId":54351}
 INFO [main] (BaseTest.java:152)- 
 INFO [main] (BaseTest.java:153)- AuthorizationAPI ResponseBody {"Token":"e30214f9-4872-11ed-b772-ecb1d7ae60a8","Gender":"1","ClientId":"dazzabet10130","LastName":"","UserName":"testuser","BirthDate":"1998-12-29","FirstName":"","CurrencyId":"TND","Description":null,"ResponseCode":0}  ResponseTime 671 ms
 INFO [main] (BaseTest.java:154)- 
 INFO [main] (IqSoft_API_2_Authorization_Negative_Test.java:82)- Authorization API Response Status cod : 200
ERROR [main] (ReportingAllure.java:61)- AuthorizationAPIValidateResponseWithInvalidProductID Test failed
]]></system-out>
  </testcase>
  <testcase name="GetBalanceAPIValidateResponseWithExpiredToken" classname="testCases.IqSoft_API_3_GetBalance_Negative_Test" time="0.66">
    <failure message="The following asserts failed:&#10;	ResponseCode: 0 expected [29] but found [0],&#10;	Error Description: null expected [SessionExpired] but found [null]" type="java.lang.AssertionError">java.lang.AssertionError: The following asserts failed:
	ResponseCode: 0 expected [29] but found [0],
	Error Description: null expected [SessionExpired] but found [null]
	at org.testng.asserts.SoftAssert.assertAll(SoftAssert.java:46)
	at org.testng.asserts.SoftAssert.assertAll(SoftAssert.java:30)
	at testCases.IqSoft_API_3_GetBalance_Negative_Test.GetBalanceAPIValidateResponseWithExpiredToken(IqSoft_API_3_GetBalance_Negative_Test.java:41)
</failure>
    <system-out><![CDATA[ INFO [main] (BaseTest.java:179)- https://iqs.dazzabet.com/api/endpoint/GetBalance
 INFO [main] (BaseTest.java:180)- 
 INFO [main] (BaseTest.java:181)- GetBalanceAPI RequestBody {"Token":"6cf0a441-455a-11ed-b772-ecb1d7ae60a8","CurrencyId":"TND"}
 INFO [main] (BaseTest.java:182)- 
 INFO [main] (BaseTest.java:183)- GetBalanceAPI ResponseBody {"CurrencyId":"TND","Description":null,"ResponseCode":0,"AvailableBalance":9504.5}  ResponseTime 635 ms
 INFO [main] (BaseTest.java:184)- 
 INFO [main] (IqSoft_API_3_GetBalance_Negative_Test.java:27)-  GetBalance API Status Cod is Equal: 200
ERROR [main] (ReportingAllure.java:61)- GetBalanceAPIValidateResponseWithExpiredToken Test failed
]]></system-out>
  </testcase>
  <testcase name="GetBalanceAPIValidateResponseWithInvalidToken" classname="testCases.IqSoft_API_3_GetBalance_Negative_Test" time="0.77"/>
  <testcase name="GetBalanceAPIValidateResponseWithInvalidCurrencyID" classname="testCases.IqSoft_API_3_GetBalance_Negative_Test" time="0.665">
    <failure message="The following asserts failed:&#10;	ResponseCode: 0 expected [20] but found [0],&#10;	Error Description: null expected [CurrencyNotExists] but found [null]" type="java.lang.AssertionError">java.lang.AssertionError: The following asserts failed:
	ResponseCode: 0 expected [20] but found [0],
	Error Description: null expected [CurrencyNotExists] but found [null]
	at org.testng.asserts.SoftAssert.assertAll(SoftAssert.java:46)
	at org.testng.asserts.SoftAssert.assertAll(SoftAssert.java:30)
	at testCases.IqSoft_API_3_GetBalance_Negative_Test.GetBalanceAPIValidateResponseWithInvalidCurrencyID(IqSoft_API_3_GetBalance_Negative_Test.java:89)
</failure>
    <system-out><![CDATA[ INFO [main] (BaseTest.java:179)- https://iqs.dazzabet.com/api/endpoint/GetBalance
 INFO [main] (BaseTest.java:180)- 
 INFO [main] (BaseTest.java:181)- GetBalanceAPI RequestBody {"Token":"e30214f9-4872-11ed-b772-ecb1d7ae60a8","CurrencyId":"TND1"}
 INFO [main] (BaseTest.java:182)- 
 INFO [main] (BaseTest.java:183)- GetBalanceAPI ResponseBody {"CurrencyId":"TND1","Description":null,"ResponseCode":0,"AvailableBalance":9504.5}  ResponseTime 644 ms
 INFO [main] (BaseTest.java:184)- 
 INFO [main] (IqSoft_API_3_GetBalance_Negative_Test.java:75)-  GetBalance API Status Cod is Equal: 200
ERROR [main] (ReportingAllure.java:61)- GetBalanceAPIValidateResponseWithInvalidCurrencyID Test failed
]]></system-out>
  </testcase>
  <testcase name="GetBalanceAPIValidateResponseWithOtherCurrencyID" classname="testCases.IqSoft_API_3_GetBalance_Negative_Test" time="1.176">
    <failure message="balanceUSD VS balanceEUR did not expect [9504.5] but found [9504.5]" type="java.lang.AssertionError">java.lang.AssertionError: balanceUSD VS balanceEUR did not expect [9504.5] but found [9504.5]
	at org.testng.Assert.fail(Assert.java:110)
	at org.testng.Assert.failEquals(Assert.java:1417)
	at org.testng.Assert.assertNotEqualsImpl(Assert.java:156)
	at org.testng.Assert.assertNotEquals(Assert.java:2033)
	at testCases.IqSoft_API_3_GetBalance_Negative_Test.GetBalanceAPIValidateResponseWithOtherCurrencyID(IqSoft_API_3_GetBalance_Negative_Test.java:113)
</failure>
    <system-out><![CDATA[ INFO [main] (BaseTest.java:179)- https://iqs.dazzabet.com/api/endpoint/GetBalance
 INFO [main] (BaseTest.java:180)- 
 INFO [main] (BaseTest.java:181)- GetBalanceAPI RequestBody {"Token":"e30214f9-4872-11ed-b772-ecb1d7ae60a8","CurrencyId":"USD"}
 INFO [main] (BaseTest.java:182)- 
 INFO [main] (BaseTest.java:183)- GetBalanceAPI ResponseBody {"CurrencyId":"USD","Description":null,"ResponseCode":0,"AvailableBalance":9504.5}  ResponseTime 557 ms
 INFO [main] (BaseTest.java:184)- 
 INFO [main] (IqSoft_API_3_GetBalance_Negative_Test.java:99)-  GetBalance API Status Cod is Equal: 200
 INFO [main] (BaseTest.java:179)- https://iqs.dazzabet.com/api/endpoint/GetBalance
 INFO [main] (BaseTest.java:180)- 
 INFO [main] (BaseTest.java:181)- GetBalanceAPI RequestBody {"Token":"e30214f9-4872-11ed-b772-ecb1d7ae60a8","CurrencyId":"EUR"}
 INFO [main] (BaseTest.java:182)- 
 INFO [main] (BaseTest.java:183)- GetBalanceAPI ResponseBody {"CurrencyId":"EUR","Description":null,"ResponseCode":0,"AvailableBalance":9504.5}  ResponseTime 590 ms
 INFO [main] (BaseTest.java:184)- 
ERROR [main] (ReportingAllure.java:61)- GetBalanceAPIValidateResponseWithOtherCurrencyID Test failed
]]></system-out>
  </testcase>
  <testcase name="CreditAPIValidateResponseWithExpiredToken" classname="testCases.IqSoft_API_4_Credit_Negative_Test" time="1.835">
    <failure message="The following asserts failed:&#10;	ResponseCode: 0 expected [29] but found [0],&#10;	Error Description: null expected [SessionExpired] but found [null],&#10;	amountBeforeCredit = amountAfterCredit: 9504.5 = 9503.5 expected [9503.5] but found [9504.5]" type="java.lang.AssertionError">java.lang.AssertionError: The following asserts failed:
	ResponseCode: 0 expected [29] but found [0],
	Error Description: null expected [SessionExpired] but found [null],
	amountBeforeCredit = amountAfterCredit: 9504.5 = 9503.5 expected [9503.5] but found [9504.5]
	at org.testng.asserts.SoftAssert.assertAll(SoftAssert.java:46)
	at org.testng.asserts.SoftAssert.assertAll(SoftAssert.java:30)
	at testCases.IqSoft_API_4_Credit_Negative_Test.CreditAPIValidateResponseWithExpiredToken(IqSoft_API_4_Credit_Negative_Test.java:60)
</failure>
    <system-out><![CDATA[ INFO [main] (BaseTest.java:179)- https://iqs.dazzabet.com/api/endpoint/GetBalance
 INFO [main] (BaseTest.java:180)- 
 INFO [main] (BaseTest.java:181)- GetBalanceAPI RequestBody {"Token":"e30214f9-4872-11ed-b772-ecb1d7ae60a8","CurrencyId":"TND"}
 INFO [main] (BaseTest.java:182)- 
 INFO [main] (BaseTest.java:183)- GetBalanceAPI ResponseBody {"CurrencyId":"TND","Description":null,"ResponseCode":0,"AvailableBalance":9504.5}  ResponseTime 567 ms
 INFO [main] (BaseTest.java:184)- 
 INFO [main] (BaseTest.java:220)- https://iqs.dazzabet.com/api/endpoint/Credit
 INFO [main] (BaseTest.java:221)- 
 INFO [main] (BaseTest.java:222)- CreditAPI RequestBody {"Token":"6cf0a441-455a-11ed-b772-ecb1d7ae60a8","CurrencyId":"TND","GameId":54351,"OperationTypeId":1,"TransactionId":"QA_Test-Jv4rRXSKZw5Xsd3G3IIM_C","BetState":1,"Amount":1.0}
 INFO [main] (BaseTest.java:223)- 
 INFO [main] (BaseTest.java:224)- CreditAPI ResponseBody {"Description":null,"ResponseCode":0,"OperationItems":[{"BetId":2299,"Balance":9503.5,"ClientId":"dazzabet10130","CurrencyId":"TND"}]}  ResponseTime 610 ms
 INFO [main] (BaseTest.java:225)- 
 INFO [main] (BaseTest.java:179)- https://iqs.dazzabet.com/api/endpoint/GetBalance
 INFO [main] (BaseTest.java:180)- 
 INFO [main] (BaseTest.java:181)- GetBalanceAPI RequestBody {"Token":"e30214f9-4872-11ed-b772-ecb1d7ae60a8","CurrencyId":"TND"}
 INFO [main] (BaseTest.java:182)- 
 INFO [main] (BaseTest.java:183)- GetBalanceAPI ResponseBody {"CurrencyId":"TND","Description":null,"ResponseCode":0,"AvailableBalance":9503.5}  ResponseTime 620 ms
 INFO [main] (BaseTest.java:184)- 
ERROR [main] (ReportingAllure.java:61)- CreditAPIValidateResponseWithExpiredToken Test failed
]]></system-out>
  </testcase>
  <testcase name="CreditAPIValidateResponseWithInvalidToken" classname="testCases.IqSoft_API_4_Credit_Negative_Test" time="2.054"/>
  <testcase name="CreditAPIValidateResponseWithInvalidProductID" classname="testCases.IqSoft_API_4_Credit_Negative_Test" time="1.644">
    <failure message="The following asserts failed:&#10;	Error Description: game not avaible expected [game not available] but found [game not avaible]" type="java.lang.AssertionError">java.lang.AssertionError: The following asserts failed:
	Error Description: game not avaible expected [game not available] but found [game not avaible]
	at org.testng.asserts.SoftAssert.assertAll(SoftAssert.java:46)
	at org.testng.asserts.SoftAssert.assertAll(SoftAssert.java:30)
	at testCases.IqSoft_API_4_Credit_Negative_Test.CreditAPIValidateResponseWithInvalidProductID(IqSoft_API_4_Credit_Negative_Test.java:144)
</failure>
    <system-out><![CDATA[ INFO [main] (BaseTest.java:179)- https://iqs.dazzabet.com/api/endpoint/GetBalance
 INFO [main] (BaseTest.java:180)- 
 INFO [main] (BaseTest.java:181)- GetBalanceAPI RequestBody {"Token":"e30214f9-4872-11ed-b772-ecb1d7ae60a8","CurrencyId":"TND"}
 INFO [main] (BaseTest.java:182)- 
 INFO [main] (BaseTest.java:183)- GetBalanceAPI ResponseBody {"CurrencyId":"TND","Description":null,"ResponseCode":0,"AvailableBalance":9503.5}  ResponseTime 545 ms
 INFO [main] (BaseTest.java:184)- 
 INFO [main] (BaseTest.java:220)- https://iqs.dazzabet.com/api/endpoint/Credit
 INFO [main] (BaseTest.java:221)- 
 INFO [main] (BaseTest.java:222)- CreditAPI RequestBody {"Token":"e30214f9-4872-11ed-b772-ecb1d7ae60a8","CurrencyId":"TND","GameId":-10,"OperationTypeId":1,"TransactionId":"QA_Test-auIcffHfIgAiSt9IeArs_C","BetState":1,"Amount":1.0}
 INFO [main] (BaseTest.java:223)- 
 INFO [main] (BaseTest.java:224)- CreditAPI ResponseBody {"Description":"game not avaible","ResponseCode":43}  ResponseTime 560 ms
 INFO [main] (BaseTest.java:225)- 
 INFO [main] (BaseTest.java:179)- https://iqs.dazzabet.com/api/endpoint/GetBalance
 INFO [main] (BaseTest.java:180)- 
 INFO [main] (BaseTest.java:181)- GetBalanceAPI RequestBody {"Token":"e30214f9-4872-11ed-b772-ecb1d7ae60a8","CurrencyId":"TND"}
 INFO [main] (BaseTest.java:182)- 
 INFO [main] (BaseTest.java:183)- GetBalanceAPI ResponseBody {"CurrencyId":"TND","Description":null,"ResponseCode":0,"AvailableBalance":9503.5}  ResponseTime 504 ms
 INFO [main] (BaseTest.java:184)- 
ERROR [main] (ReportingAllure.java:61)- CreditAPIValidateResponseWithInvalidProductID Test failed
]]></system-out>
  </testcase>
  <testcase name="CreditAPIValidateResponseUsingTransactionIDTwice" classname="testCases.IqSoft_API_4_Credit_Negative_Test" time="2.972"/>
  <testcase name="CreditAPIValidateResponseUsingAmountHigherThenBalance" classname="testCases.IqSoft_API_4_Credit_Negative_Test" time="1.864"/>
  <testcase name="CreditAPIValidateResponseWithInvalidAmount" classname="testCases.IqSoft_API_4_Credit_Negative_Test" time="1.712">
    <failure message="The following asserts failed:&#10;	ResponseCode: 0 expected [39] but found [0],&#10;	Error Description: null expected [WrongOperationAmount] but found [null]" type="java.lang.AssertionError">java.lang.AssertionError: The following asserts failed:
	ResponseCode: 0 expected [39] but found [0],
	Error Description: null expected [WrongOperationAmount] but found [null]
	at org.testng.asserts.SoftAssert.assertAll(SoftAssert.java:46)
	at org.testng.asserts.SoftAssert.assertAll(SoftAssert.java:30)
	at testCases.IqSoft_API_4_Credit_Negative_Test.CreditAPIValidateResponseWithInvalidAmount(IqSoft_API_4_Credit_Negative_Test.java:281)
</failure>
    <system-out><![CDATA[ INFO [main] (BaseTest.java:179)- https://iqs.dazzabet.com/api/endpoint/GetBalance
 INFO [main] (BaseTest.java:180)- 
 INFO [main] (BaseTest.java:181)- GetBalanceAPI RequestBody {"Token":"e30214f9-4872-11ed-b772-ecb1d7ae60a8","CurrencyId":"TND"}
 INFO [main] (BaseTest.java:182)- 
 INFO [main] (BaseTest.java:183)- GetBalanceAPI ResponseBody {"CurrencyId":"TND","Description":null,"ResponseCode":0,"AvailableBalance":9502.5}  ResponseTime 440 ms
 INFO [main] (BaseTest.java:184)- 
 INFO [main] (BaseTest.java:220)- https://iqs.dazzabet.com/api/endpoint/Credit
 INFO [main] (BaseTest.java:221)- 
 INFO [main] (BaseTest.java:222)- CreditAPI RequestBody {"Token":"e30214f9-4872-11ed-b772-ecb1d7ae60a8","CurrencyId":"TND","GameId":54351,"OperationTypeId":1,"TransactionId":"QA_Test-cNVHHdTSiSftKraF9rtW_C","BetState":1,"Amount":0.0}
 INFO [main] (BaseTest.java:223)- 
 INFO [main] (BaseTest.java:224)- CreditAPI ResponseBody {"Description":null,"ResponseCode":0,"OperationItems":[{"BetId":2303,"Balance":9502.5,"ClientId":"dazzabet10130","CurrencyId":"TND"}]}  ResponseTime 574 ms
 INFO [main] (BaseTest.java:225)- 
 INFO [main] (BaseTest.java:179)- https://iqs.dazzabet.com/api/endpoint/GetBalance
 INFO [main] (BaseTest.java:180)- 
 INFO [main] (BaseTest.java:181)- GetBalanceAPI RequestBody {"Token":"e30214f9-4872-11ed-b772-ecb1d7ae60a8","CurrencyId":"TND"}
 INFO [main] (BaseTest.java:182)- 
 INFO [main] (BaseTest.java:183)- GetBalanceAPI ResponseBody {"CurrencyId":"TND","Description":null,"ResponseCode":0,"AvailableBalance":9502.5}  ResponseTime 653 ms
 INFO [main] (BaseTest.java:184)- 
ERROR [main] (ReportingAllure.java:61)- CreditAPIValidateResponseWithInvalidAmount Test failed
]]></system-out>
  </testcase>
  <testcase name="CreditAPIValidateResponseWithInvalidAmount" classname="testCases.IqSoft_API_4_Credit_Negative_Test" time="1.902"/>
  <testcase name="CreditAPIValidateResponseWithInvalidAmount" classname="testCases.IqSoft_API_4_Credit_Negative_Test" time="1.878"/>
  <testcase name="CreditAPIValidateResponseWithInvalidAmount" classname="testCases.IqSoft_API_4_Credit_Negative_Test" time="2.048"/>
  <testcase name="CreditAPIValidateResponseWithInvalidAmount" classname="testCases.IqSoft_API_4_Credit_Negative_Test" time="1.777"/>
  <testcase name="DebitAPIValidateResponseWithInvalidToken" classname="testCases.IqSoft_API_5_Debit_Negative_Test" time="3.289"/>
  <testcase name="DebitAPIValidateResponseUsingInvalidProductID" classname="testCases.IqSoft_API_5_Debit_Negative_Test" time="3.376">
    <failure message="The following asserts failed:&#10;	Error Description: game not avaible expected [game not available] but found [game not avaible]" type="java.lang.AssertionError">java.lang.AssertionError: The following asserts failed:
	Error Description: game not avaible expected [game not available] but found [game not avaible]
	at org.testng.asserts.SoftAssert.assertAll(SoftAssert.java:46)
	at org.testng.asserts.SoftAssert.assertAll(SoftAssert.java:30)
	at testCases.IqSoft_API_5_Debit_Negative_Test.DebitAPIValidateResponseUsingInvalidProductID(IqSoft_API_5_Debit_Negative_Test.java:119)
</failure>
    <system-out><![CDATA[ INFO [main] (BaseTest.java:179)- https://iqs.dazzabet.com/api/endpoint/GetBalance
 INFO [main] (BaseTest.java:180)- 
 INFO [main] (BaseTest.java:181)- GetBalanceAPI RequestBody {"Token":"e30214f9-4872-11ed-b772-ecb1d7ae60a8","CurrencyId":"TND"}
 INFO [main] (BaseTest.java:182)- 
 INFO [main] (BaseTest.java:183)- GetBalanceAPI ResponseBody {"CurrencyId":"TND","Description":null,"ResponseCode":0,"AvailableBalance":9501.5}  ResponseTime 613 ms
 INFO [main] (BaseTest.java:184)- 
 INFO [main] (BaseTest.java:220)- https://iqs.dazzabet.com/api/endpoint/Credit
 INFO [main] (BaseTest.java:221)- 
 INFO [main] (BaseTest.java:222)- CreditAPI RequestBody {"Token":"e30214f9-4872-11ed-b772-ecb1d7ae60a8","CurrencyId":"TND","GameId":54351,"OperationTypeId":1,"TransactionId":"QA_Test-nqTaee3rraSR26T66UfV_C","BetState":1,"Amount":1.0}
 INFO [main] (BaseTest.java:223)- 
 INFO [main] (BaseTest.java:224)- CreditAPI ResponseBody {"Description":null,"ResponseCode":0,"OperationItems":[{"BetId":2305,"Balance":9500.5,"ClientId":"dazzabet10130","CurrencyId":"TND"}]}  ResponseTime 815 ms
 INFO [main] (BaseTest.java:225)- 
 INFO [main] (BaseTest.java:179)- https://iqs.dazzabet.com/api/endpoint/GetBalance
 INFO [main] (BaseTest.java:180)- 
 INFO [main] (BaseTest.java:181)- GetBalanceAPI RequestBody {"Token":"e30214f9-4872-11ed-b772-ecb1d7ae60a8","CurrencyId":"TND"}
 INFO [main] (BaseTest.java:182)- 
 INFO [main] (BaseTest.java:183)- GetBalanceAPI ResponseBody {"CurrencyId":"TND","Description":null,"ResponseCode":0,"AvailableBalance":9500.5}  ResponseTime 615 ms
 INFO [main] (BaseTest.java:184)- 
 INFO [main] (BaseTest.java:262)- https://iqs.dazzabet.com/api/endpoint/Debit
 INFO [main] (BaseTest.java:263)- 
 INFO [main] (BaseTest.java:264)- DebitAPI RequestBody {"ClientId":"dazzabet10130","CurrencyId":"TND","GameId":-10,"TransactionId":"QA_Test-s2wVBk6MUtK9gb8B7qGh_D","CreditTransactionId":"QA_Test-nqTaee3rraSR26T66UfV_C","Amount":2.0,"BetState":2,"OperationTypeId":4,"Token":"e30214f9-4872-11ed-b772-ecb1d7ae60a8"}
 INFO [main] (BaseTest.java:265)- 
 INFO [main] (BaseTest.java:266)- DebitAPI ResponseBody {"Description":"game not avaible","ResponseCode":"43"}  ResponseTime 579 ms
 INFO [main] (BaseTest.java:267)- 
 INFO [main] (BaseTest.java:179)- https://iqs.dazzabet.com/api/endpoint/GetBalance
 INFO [main] (BaseTest.java:180)- 
 INFO [main] (BaseTest.java:181)- GetBalanceAPI RequestBody {"Token":"e30214f9-4872-11ed-b772-ecb1d7ae60a8","CurrencyId":"TND"}
 INFO [main] (BaseTest.java:182)- 
 INFO [main] (BaseTest.java:183)- GetBalanceAPI ResponseBody {"CurrencyId":"TND","Description":null,"ResponseCode":0,"AvailableBalance":9500.5}  ResponseTime 699 ms
 INFO [main] (BaseTest.java:184)- 
ERROR [main] (ReportingAllure.java:61)- DebitAPIValidateResponseUsingInvalidProductID Test failed
]]></system-out>
  </testcase>
  <testcase name="DebitAPIValidateResponseUsingTransactionIDTwice" classname="testCases.IqSoft_API_5_Debit_Negative_Test" time="5.565"/>
  <testcase name="DebitAPIValidateResponseUsingInvalidCreditTransactionID" classname="testCases.IqSoft_API_5_Debit_Negative_Test" time="1.851">
    <failure message="The following asserts failed:&#10;	ResponseCode: 0 expected [50] but found [0],&#10;	Error Description: null expected [CanNotConnectCreditAndDebit] but found [null],&#10;	amountAfterDebit: 9502.5 = amountBeforeDebit: 9500.5 expected [9500.5] but found [9502.5]" type="java.lang.AssertionError">java.lang.AssertionError: The following asserts failed:
	ResponseCode: 0 expected [50] but found [0],
	Error Description: null expected [CanNotConnectCreditAndDebit] but found [null],
	amountAfterDebit: 9502.5 = amountBeforeDebit: 9500.5 expected [9500.5] but found [9502.5]
	at org.testng.asserts.SoftAssert.assertAll(SoftAssert.java:46)
	at org.testng.asserts.SoftAssert.assertAll(SoftAssert.java:30)
	at testCases.IqSoft_API_5_Debit_Negative_Test.DebitAPIValidateResponseUsingInvalidCreditTransactionID(IqSoft_API_5_Debit_Negative_Test.java:229)
</failure>
    <system-out><![CDATA[ INFO [main] (BaseTest.java:179)- https://iqs.dazzabet.com/api/endpoint/GetBalance
 INFO [main] (BaseTest.java:180)- 
 INFO [main] (BaseTest.java:181)- GetBalanceAPI RequestBody {"Token":"e30214f9-4872-11ed-b772-ecb1d7ae60a8","CurrencyId":"TND"}
 INFO [main] (BaseTest.java:182)- 
 INFO [main] (BaseTest.java:183)- GetBalanceAPI ResponseBody {"CurrencyId":"TND","Description":null,"ResponseCode":0,"AvailableBalance":9500.5}  ResponseTime 599 ms
 INFO [main] (BaseTest.java:184)- 
 INFO [main] (BaseTest.java:262)- https://iqs.dazzabet.com/api/endpoint/Debit
 INFO [main] (BaseTest.java:263)- 
 INFO [main] (BaseTest.java:264)- DebitAPI RequestBody {"ClientId":"dazzabet10130","CurrencyId":"TND","GameId":54351,"TransactionId":"QA_Test-ZAnd6LDEyUgO3k5YJy9G_D","CreditTransactionId":"QA_Test-Ci4igwYF5KvFijctDgeT_C_ErrorID","Amount":2.0,"BetState":2,"OperationTypeId":4,"Token":"e30214f9-4872-11ed-b772-ecb1d7ae60a8"}
 INFO [main] (BaseTest.java:265)- 
 INFO [main] (BaseTest.java:266)- DebitAPI ResponseBody {"Description":null,"ResponseCode":"0","OperationItems":[{"BetId":2310,"Balance":9502.5,"ClientId":"dazzabet10130","CurrencyId":"TND"}]}  ResponseTime 610 ms
 INFO [main] (BaseTest.java:267)- 
 INFO [main] (BaseTest.java:179)- https://iqs.dazzabet.com/api/endpoint/GetBalance
 INFO [main] (BaseTest.java:180)- 
 INFO [main] (BaseTest.java:181)- GetBalanceAPI RequestBody {"Token":"e30214f9-4872-11ed-b772-ecb1d7ae60a8","CurrencyId":"TND"}
 INFO [main] (BaseTest.java:182)- 
 INFO [main] (BaseTest.java:183)- GetBalanceAPI ResponseBody {"CurrencyId":"TND","Description":null,"ResponseCode":0,"AvailableBalance":9502.5}  ResponseTime 614 ms
 INFO [main] (BaseTest.java:184)- 
ERROR [main] (ReportingAllure.java:61)- DebitAPIValidateResponseUsingInvalidCreditTransactionID Test failed
]]></system-out>
  </testcase>
  <testcase name="DebitAPIValidateResponseUsingInvalidAmount" classname="testCases.IqSoft_API_5_Debit_Negative_Test" time="3.031">
    <failure message="The following asserts failed:&#10;	ResponseCode: 0 expected [39] but found [0],&#10;	Error Description: null expected [WrongOperationAmount] but found [null]" type="java.lang.AssertionError">java.lang.AssertionError: The following asserts failed:
	ResponseCode: 0 expected [39] but found [0],
	Error Description: null expected [WrongOperationAmount] but found [null]
	at org.testng.asserts.SoftAssert.assertAll(SoftAssert.java:46)
	at org.testng.asserts.SoftAssert.assertAll(SoftAssert.java:30)
	at testCases.IqSoft_API_5_Debit_Negative_Test.DebitAPIValidateResponseUsingInvalidAmount(IqSoft_API_5_Debit_Negative_Test.java:278)
</failure>
    <system-out><![CDATA[ INFO [main] (BaseTest.java:179)- https://iqs.dazzabet.com/api/endpoint/GetBalance
 INFO [main] (BaseTest.java:180)- 
 INFO [main] (BaseTest.java:181)- GetBalanceAPI RequestBody {"Token":"e30214f9-4872-11ed-b772-ecb1d7ae60a8","CurrencyId":"TND"}
 INFO [main] (BaseTest.java:182)- 
 INFO [main] (BaseTest.java:183)- GetBalanceAPI ResponseBody {"CurrencyId":"TND","Description":null,"ResponseCode":0,"AvailableBalance":9502.5}  ResponseTime 575 ms
 INFO [main] (BaseTest.java:184)- 
 INFO [main] (BaseTest.java:220)- https://iqs.dazzabet.com/api/endpoint/Credit
 INFO [main] (BaseTest.java:221)- 
 INFO [main] (BaseTest.java:222)- CreditAPI RequestBody {"Token":"e30214f9-4872-11ed-b772-ecb1d7ae60a8","CurrencyId":"TND","GameId":54351,"OperationTypeId":1,"TransactionId":"QA_Test-70FCkiMrv8XiYreljasM_C","BetState":1,"Amount":1.0}
 INFO [main] (BaseTest.java:223)- 
 INFO [main] (BaseTest.java:224)- CreditAPI ResponseBody {"Description":null,"ResponseCode":0,"OperationItems":[{"BetId":2311,"Balance":9501.5,"ClientId":"dazzabet10130","CurrencyId":"TND"}]}  ResponseTime 699 ms
 INFO [main] (BaseTest.java:225)- 
 INFO [main] (BaseTest.java:179)- https://iqs.dazzabet.com/api/endpoint/GetBalance
 INFO [main] (BaseTest.java:180)- 
 INFO [main] (BaseTest.java:181)- GetBalanceAPI RequestBody {"Token":"e30214f9-4872-11ed-b772-ecb1d7ae60a8","CurrencyId":"TND"}
 INFO [main] (BaseTest.java:182)- 
 INFO [main] (BaseTest.java:183)- GetBalanceAPI ResponseBody {"CurrencyId":"TND","Description":null,"ResponseCode":0,"AvailableBalance":9501.5}  ResponseTime 535 ms
 INFO [main] (BaseTest.java:184)- 
 INFO [main] (BaseTest.java:262)- https://iqs.dazzabet.com/api/endpoint/Debit
 INFO [main] (BaseTest.java:263)- 
 INFO [main] (BaseTest.java:264)- DebitAPI RequestBody {"ClientId":"dazzabet10130","CurrencyId":"TND","GameId":54351,"TransactionId":"QA_Test-jhGtuoYSdcG6ynX4uNy5_D","CreditTransactionId":"QA_Test-70FCkiMrv8XiYreljasM_C","Amount":0.0,"BetState":2,"OperationTypeId":4,"Token":"e30214f9-4872-11ed-b772-ecb1d7ae60a8"}
 INFO [main] (BaseTest.java:265)- 
 INFO [main] (BaseTest.java:266)- DebitAPI ResponseBody {"Description":null,"ResponseCode":"0","OperationItems":[{"BetId":2312,"Balance":9501.5,"ClientId":"dazzabet10130","CurrencyId":"TND"}]}  ResponseTime 557 ms
 INFO [main] (BaseTest.java:267)- 
 INFO [main] (BaseTest.java:179)- https://iqs.dazzabet.com/api/endpoint/GetBalance
 INFO [main] (BaseTest.java:180)- 
 INFO [main] (BaseTest.java:181)- GetBalanceAPI RequestBody {"Token":"e30214f9-4872-11ed-b772-ecb1d7ae60a8","CurrencyId":"TND"}
 INFO [main] (BaseTest.java:182)- 
 INFO [main] (BaseTest.java:183)- GetBalanceAPI ResponseBody {"CurrencyId":"TND","Description":null,"ResponseCode":0,"AvailableBalance":9501.5}  ResponseTime 592 ms
 INFO [main] (BaseTest.java:184)- 
ERROR [main] (ReportingAllure.java:61)- DebitAPIValidateResponseUsingInvalidAmount Test failed
]]></system-out>
  </testcase>
  <testcase name="DebitAPIValidateResponseUsingInvalidAmount" classname="testCases.IqSoft_API_5_Debit_Negative_Test" time="3.232"/>
  <testcase name="DebitAPIValidateResponseUsingInvalidAmount" classname="testCases.IqSoft_API_5_Debit_Negative_Test" time="2.719"/>
  <testcase name="DebitAPIValidateResponseUsingInvalidAmount" classname="testCases.IqSoft_API_5_Debit_Negative_Test" time="2.362"/>
  <testcase name="DebitAPIValidateResponseUsingInvalidAmount" classname="testCases.IqSoft_API_5_Debit_Negative_Test" time="2.573"/>
  <testcase name="RollBackAPIValidateResponseWithInvalidToken" classname="testCases.IqSoft_API_6_RollBack_Negative_Test" time="2.396">
    <failure message="The following asserts failed:&#10;	amountAfterRollBack: 9497.5 = amountAfterCredit: 9496.5 expected [9496.5] but found [9497.5]" type="java.lang.AssertionError">java.lang.AssertionError: The following asserts failed:
	amountAfterRollBack: 9497.5 = amountAfterCredit: 9496.5 expected [9496.5] but found [9497.5]
	at org.testng.asserts.SoftAssert.assertAll(SoftAssert.java:46)
	at org.testng.asserts.SoftAssert.assertAll(SoftAssert.java:30)
	at testCases.IqSoft_API_6_RollBack_Negative_Test.RollBackAPIValidateResponseWithInvalidToken(IqSoft_API_6_RollBack_Negative_Test.java:67)
</failure>
    <system-out><![CDATA[ INFO [main] (BaseTest.java:179)- https://iqs.dazzabet.com/api/endpoint/GetBalance
 INFO [main] (BaseTest.java:180)- 
 INFO [main] (BaseTest.java:181)- GetBalanceAPI RequestBody {"Token":"e30214f9-4872-11ed-b772-ecb1d7ae60a8","CurrencyId":"TND"}
 INFO [main] (BaseTest.java:182)- 
 INFO [main] (BaseTest.java:183)- GetBalanceAPI ResponseBody {"CurrencyId":"TND","Description":null,"ResponseCode":0,"AvailableBalance":9497.5}  ResponseTime 445 ms
 INFO [main] (BaseTest.java:184)- 
 INFO [main] (IqSoft_API_6_RollBack_Negative_Test.java:33)- Balance Before Credit:9497.5
 INFO [main] (BaseTest.java:220)- https://iqs.dazzabet.com/api/endpoint/Credit
 INFO [main] (BaseTest.java:221)- 
 INFO [main] (BaseTest.java:222)- CreditAPI RequestBody {"Token":"e30214f9-4872-11ed-b772-ecb1d7ae60a8","CurrencyId":"TND","GameId":54351,"OperationTypeId":1,"TransactionId":"QA_Test-BhrMEf3MiJKDD2ipalJK_C","BetState":1,"Amount":1.0}
 INFO [main] (BaseTest.java:223)- 
 INFO [main] (BaseTest.java:224)- CreditAPI ResponseBody {"Description":null,"ResponseCode":0,"OperationItems":[{"BetId":2317,"Balance":9496.5,"ClientId":"dazzabet10130","CurrencyId":"TND"}]}  ResponseTime 470 ms
 INFO [main] (BaseTest.java:225)- 
 INFO [main] (BaseTest.java:179)- https://iqs.dazzabet.com/api/endpoint/GetBalance
 INFO [main] (BaseTest.java:180)- 
 INFO [main] (BaseTest.java:181)- GetBalanceAPI RequestBody {"Token":"e30214f9-4872-11ed-b772-ecb1d7ae60a8","CurrencyId":"TND"}
 INFO [main] (BaseTest.java:182)- 
 INFO [main] (BaseTest.java:183)- GetBalanceAPI ResponseBody {"CurrencyId":"TND","Description":null,"ResponseCode":0,"AvailableBalance":9496.5}  ResponseTime 454 ms
 INFO [main] (BaseTest.java:184)- 
 INFO [main] (IqSoft_API_6_RollBack_Negative_Test.java:43)- Balance After Credit:9496.5
 INFO [main] (BaseTest.java:296)- https://iqs.dazzabet.com/api/endpoint/Rollback
 INFO [main] (BaseTest.java:297)- 
 INFO [main] (BaseTest.java:298)- RollBackAPI RequestBody {"UserName":"testuser","GameId":54351,"RollbackTransactionId":"QA_Test-BhrMEf3MiJKDD2ipalJK_C","TransactionId":"QA_Test-DrgUTZiEseJHUPuWZnSS_R","OperationTypeId":4,"Token":"e30214f9-4872-11ed-b772-ecb1d7ae60a8Error"}
 INFO [main] (BaseTest.java:299)- 
 INFO [main] (BaseTest.java:300)- RollBackAPI ResponseBody {"Description":null,"ResponseCode":0}  ResponseTime 487 ms
 INFO [main] (BaseTest.java:301)- 
 INFO [main] (BaseTest.java:179)- https://iqs.dazzabet.com/api/endpoint/GetBalance
 INFO [main] (BaseTest.java:180)- 
 INFO [main] (BaseTest.java:181)- GetBalanceAPI RequestBody {"Token":"e30214f9-4872-11ed-b772-ecb1d7ae60a8","CurrencyId":"TND"}
 INFO [main] (BaseTest.java:182)- 
 INFO [main] (BaseTest.java:183)- GetBalanceAPI ResponseBody {"CurrencyId":"TND","Description":null,"ResponseCode":0,"AvailableBalance":9497.5}  ResponseTime 462 ms
 INFO [main] (BaseTest.java:184)- 
 INFO [main] (IqSoft_API_6_RollBack_Negative_Test.java:58)- Balance After RollBack:9497.5
ERROR [main] (ReportingAllure.java:61)- RollBackAPIValidateResponseWithInvalidToken Test failed
]]></system-out>
  </testcase>
  <testcase name="RollBackAPIValidateResponseUsingInvalidProductID" classname="testCases.IqSoft_API_6_RollBack_Negative_Test" time="2.8">
    <failure message="The following asserts failed:&#10;	amountAfterRollBack : 9497.5 = amountAfterCredit: 9496.5 expected [9496.5] but found [9497.5]" type="java.lang.AssertionError">java.lang.AssertionError: The following asserts failed:
	amountAfterRollBack : 9497.5 = amountAfterCredit: 9496.5 expected [9496.5] but found [9497.5]
	at org.testng.asserts.SoftAssert.assertAll(SoftAssert.java:46)
	at org.testng.asserts.SoftAssert.assertAll(SoftAssert.java:30)
	at testCases.IqSoft_API_6_RollBack_Negative_Test.RollBackAPIValidateResponseUsingInvalidProductID(IqSoft_API_6_RollBack_Negative_Test.java:118)
</failure>
    <system-out><![CDATA[ INFO [main] (BaseTest.java:179)- https://iqs.dazzabet.com/api/endpoint/GetBalance
 INFO [main] (BaseTest.java:180)- 
 INFO [main] (BaseTest.java:181)- GetBalanceAPI RequestBody {"Token":"e30214f9-4872-11ed-b772-ecb1d7ae60a8","CurrencyId":"TND"}
 INFO [main] (BaseTest.java:182)- 
 INFO [main] (BaseTest.java:183)- GetBalanceAPI ResponseBody {"CurrencyId":"TND","Description":null,"ResponseCode":0,"AvailableBalance":9497.5}  ResponseTime 483 ms
 INFO [main] (BaseTest.java:184)- 
 INFO [main] (IqSoft_API_6_RollBack_Negative_Test.java:85)- Balance Before Credit:9497.5
 INFO [main] (BaseTest.java:220)- https://iqs.dazzabet.com/api/endpoint/Credit
 INFO [main] (BaseTest.java:221)- 
 INFO [main] (BaseTest.java:222)- CreditAPI RequestBody {"Token":"e30214f9-4872-11ed-b772-ecb1d7ae60a8","CurrencyId":"TND","GameId":54351,"OperationTypeId":1,"TransactionId":"QA_Test-UKYJfR24iCoTnBD0Jr0E_C","BetState":1,"Amount":1.0}
 INFO [main] (BaseTest.java:223)- 
 INFO [main] (BaseTest.java:224)- CreditAPI ResponseBody {"Description":null,"ResponseCode":0,"OperationItems":[{"BetId":2319,"Balance":9496.5,"ClientId":"dazzabet10130","CurrencyId":"TND"}]}  ResponseTime 633 ms
 INFO [main] (BaseTest.java:225)- 
 INFO [main] (BaseTest.java:179)- https://iqs.dazzabet.com/api/endpoint/GetBalance
 INFO [main] (BaseTest.java:180)- 
 INFO [main] (BaseTest.java:181)- GetBalanceAPI RequestBody {"Token":"e30214f9-4872-11ed-b772-ecb1d7ae60a8","CurrencyId":"TND"}
 INFO [main] (BaseTest.java:182)- 
 INFO [main] (BaseTest.java:183)- GetBalanceAPI ResponseBody {"CurrencyId":"TND","Description":null,"ResponseCode":0,"AvailableBalance":9496.5}  ResponseTime 457 ms
 INFO [main] (BaseTest.java:184)- 
 INFO [main] (IqSoft_API_6_RollBack_Negative_Test.java:95)- Balance After Credit:9496.5
 INFO [main] (BaseTest.java:296)- https://iqs.dazzabet.com/api/endpoint/Rollback
 INFO [main] (BaseTest.java:297)- 
 INFO [main] (BaseTest.java:298)- RollBackAPI RequestBody {"UserName":"testuser","GameId":-10,"RollbackTransactionId":"QA_Test-UKYJfR24iCoTnBD0Jr0E_C","TransactionId":"QA_Test-lyhP2e1sKQTQyoePC7iW_R","OperationTypeId":4,"Token":"e30214f9-4872-11ed-b772-ecb1d7ae60a8"}
 INFO [main] (BaseTest.java:299)- 
 INFO [main] (BaseTest.java:300)- RollBackAPI ResponseBody {"Description":null,"ResponseCode":0}  ResponseTime 511 ms
 INFO [main] (BaseTest.java:301)- 
 INFO [main] (BaseTest.java:179)- https://iqs.dazzabet.com/api/endpoint/GetBalance
 INFO [main] (BaseTest.java:180)- 
 INFO [main] (BaseTest.java:181)- GetBalanceAPI RequestBody {"Token":"e30214f9-4872-11ed-b772-ecb1d7ae60a8","CurrencyId":"TND"}
 INFO [main] (BaseTest.java:182)- 
 INFO [main] (BaseTest.java:183)- GetBalanceAPI ResponseBody {"CurrencyId":"TND","Description":null,"ResponseCode":0,"AvailableBalance":9497.5}  ResponseTime 659 ms
 INFO [main] (BaseTest.java:184)- 
 INFO [main] (IqSoft_API_6_RollBack_Negative_Test.java:110)- Balance After RollBack:9497.5
ERROR [main] (ReportingAllure.java:61)- RollBackAPIValidateResponseUsingInvalidProductID Test failed
]]></system-out>
  </testcase>
  <testcase name="RollBackAPIValidateResponseUsingSameTransactionIDForRollBackAndCredit" classname="testCases.IqSoft_API_6_RollBack_Negative_Test" time="1.491"/>
  <testcase name="RollBackAPIValidateResponseUsingSameCreditTransactionIDTwice" classname="testCases.IqSoft_API_6_RollBack_Negative_Test" time="4.466">
    <failure message="The following asserts failed:&#10;	amountAfterRollBack2 : 9498.5 = amountAfterRollBack1: 9497.5 expected [9497.5] but found [9498.5]" type="java.lang.AssertionError">java.lang.AssertionError: The following asserts failed:
	amountAfterRollBack2 : 9498.5 = amountAfterRollBack1: 9497.5 expected [9497.5] but found [9498.5]
	at org.testng.asserts.SoftAssert.assertAll(SoftAssert.java:46)
	at org.testng.asserts.SoftAssert.assertAll(SoftAssert.java:30)
	at testCases.IqSoft_API_6_RollBack_Negative_Test.RollBackAPIValidateResponseUsingSameCreditTransactionIDTwice(IqSoft_API_6_RollBack_Negative_Test.java:218)
</failure>
    <system-out><![CDATA[ INFO [main] (BaseTest.java:179)- https://iqs.dazzabet.com/api/endpoint/GetBalance
 INFO [main] (BaseTest.java:180)- 
 INFO [main] (BaseTest.java:181)- GetBalanceAPI RequestBody {"Token":"e30214f9-4872-11ed-b772-ecb1d7ae60a8","CurrencyId":"TND"}
 INFO [main] (BaseTest.java:182)- 
 INFO [main] (BaseTest.java:183)- GetBalanceAPI ResponseBody {"CurrencyId":"TND","Description":null,"ResponseCode":0,"AvailableBalance":9497.5}  ResponseTime 437 ms
 INFO [main] (BaseTest.java:184)- 
 INFO [main] (IqSoft_API_6_RollBack_Negative_Test.java:173)- Balance Before Credit:9497.5
 INFO [main] (BaseTest.java:220)- https://iqs.dazzabet.com/api/endpoint/Credit
 INFO [main] (BaseTest.java:221)- 
 INFO [main] (BaseTest.java:222)- CreditAPI RequestBody {"Token":"e30214f9-4872-11ed-b772-ecb1d7ae60a8","CurrencyId":"TND","GameId":54351,"OperationTypeId":1,"TransactionId":"QA_Test-jBUZnj7qrBEOSxzAZyTs_C","BetState":1,"Amount":1.0}
 INFO [main] (BaseTest.java:223)- 
 INFO [main] (BaseTest.java:224)- CreditAPI ResponseBody {"Description":null,"ResponseCode":0,"OperationItems":[{"BetId":2321,"Balance":9496.5,"ClientId":"dazzabet10130","CurrencyId":"TND"}]}  ResponseTime 570 ms
 INFO [main] (BaseTest.java:225)- 
 INFO [main] (BaseTest.java:179)- https://iqs.dazzabet.com/api/endpoint/GetBalance
 INFO [main] (BaseTest.java:180)- 
 INFO [main] (BaseTest.java:181)- GetBalanceAPI RequestBody {"Token":"e30214f9-4872-11ed-b772-ecb1d7ae60a8","CurrencyId":"TND"}
 INFO [main] (BaseTest.java:182)- 
 INFO [main] (BaseTest.java:183)- GetBalanceAPI ResponseBody {"CurrencyId":"TND","Description":null,"ResponseCode":0,"AvailableBalance":9496.5}  ResponseTime 711 ms
 INFO [main] (BaseTest.java:184)- 
 INFO [main] (IqSoft_API_6_RollBack_Negative_Test.java:183)- Balance After Credit:9496.5
 INFO [main] (BaseTest.java:296)- https://iqs.dazzabet.com/api/endpoint/Rollback
 INFO [main] (BaseTest.java:297)- 
 INFO [main] (BaseTest.java:298)- RollBackAPI RequestBody {"UserName":"testuser","GameId":54351,"RollbackTransactionId":"QA_Test-jBUZnj7qrBEOSxzAZyTs_C","TransactionId":"QA_Test-CqxakEAvZ08vWjetdCz1_R","OperationTypeId":4,"Token":"e30214f9-4872-11ed-b772-ecb1d7ae60a8"}
 INFO [main] (BaseTest.java:299)- 
 INFO [main] (BaseTest.java:300)- RollBackAPI ResponseBody {"Description":null,"ResponseCode":0}  ResponseTime 687 ms
 INFO [main] (BaseTest.java:301)- 
 INFO [main] (BaseTest.java:179)- https://iqs.dazzabet.com/api/endpoint/GetBalance
 INFO [main] (BaseTest.java:180)- 
 INFO [main] (BaseTest.java:181)- GetBalanceAPI RequestBody {"Token":"e30214f9-4872-11ed-b772-ecb1d7ae60a8","CurrencyId":"TND"}
 INFO [main] (BaseTest.java:182)- 
 INFO [main] (BaseTest.java:183)- GetBalanceAPI ResponseBody {"CurrencyId":"TND","Description":null,"ResponseCode":0,"AvailableBalance":9497.5}  ResponseTime 684 ms
 INFO [main] (BaseTest.java:184)- 
 INFO [main] (IqSoft_API_6_RollBack_Negative_Test.java:193)- Balance After RollBack:9497.5
 INFO [main] (BaseTest.java:296)- https://iqs.dazzabet.com/api/endpoint/Rollback
 INFO [main] (BaseTest.java:297)- 
 INFO [main] (BaseTest.java:298)- RollBackAPI RequestBody {"UserName":"testuser","GameId":54351,"RollbackTransactionId":"QA_Test-jBUZnj7qrBEOSxzAZyTs_C","TransactionId":"QA_Test-0GCxDdaJA4cp8423PG1W_R","OperationTypeId":4,"Token":"e30214f9-4872-11ed-b772-ecb1d7ae60a8"}
 INFO [main] (BaseTest.java:299)- 
 INFO [main] (BaseTest.java:300)- RollBackAPI ResponseBody {"Description":null,"ResponseCode":0}  ResponseTime 640 ms
 INFO [main] (BaseTest.java:301)- 
 INFO [main] (BaseTest.java:179)- https://iqs.dazzabet.com/api/endpoint/GetBalance
 INFO [main] (BaseTest.java:180)- 
 INFO [main] (BaseTest.java:181)- GetBalanceAPI RequestBody {"Token":"e30214f9-4872-11ed-b772-ecb1d7ae60a8","CurrencyId":"TND"}
 INFO [main] (BaseTest.java:182)- 
 INFO [main] (BaseTest.java:183)- GetBalanceAPI ResponseBody {"CurrencyId":"TND","Description":null,"ResponseCode":0,"AvailableBalance":9498.5}  ResponseTime 626 ms
 INFO [main] (BaseTest.java:184)- 
 INFO [main] (IqSoft_API_6_RollBack_Negative_Test.java:208)- Balance After RollBack:9498.5
ERROR [main] (ReportingAllure.java:61)- RollBackAPIValidateResponseUsingSameCreditTransactionIDTwice Test failed
]]></system-out>
  </testcase>
  <testcase name="RollBackAPIValidateResponseUsingSameRollBackTransactionIDTwice" classname="testCases.IqSoft_API_6_RollBack_Negative_Test" time="5.546"/>
</testsuite>