<?xml version="1.0" encoding="UTF-8"?>
<testsuite name="TestSuite" time="43.392" tests="54" errors="0" skipped="0" failures="17">
  <properties>
    <property name="java.runtime.name" value="Java(TM) SE Runtime Environment"/>
    <property name="java.vm.version" value="17.0.2+8-LTS-86"/>
    <property name="sun.boot.library.path" value="C:\Program Files\Java\jdk-17.0.2\bin"/>
    <property name="maven.multiModuleProjectDirectory" value="C:\Users\Nerses Khachatryan\Desktop\IQsoft_API_Integration-OpenGame\IQsoft_API_Integration-OpenGame\IQSoftAPI_Integration_QA"/>
    <property name="java.vm.vendor" value="Oracle Corporation"/>
    <property name="java.vendor.url" value="https://java.oracle.com/"/>
    <property name="guice.disable.misplaced.annotation.check" value="true"/>
    <property name="path.separator" value=";"/>
    <property name="java.vm.name" value="Java HotSpot(TM) 64-Bit Server VM"/>
    <property name="sun.os.patch.level" value=""/>
    <property name="user.script" value=""/>
    <property name="user.country" value="US"/>
    <property name="sun.java.launcher" value="SUN_STANDARD"/>
    <property name="java.vm.specification.name" value="Java Virtual Machine Specification"/>
    <property name="user.dir" value="C:\Users\Nerses Khachatryan\Desktop\IQsoft_API_Integration-OpenGame\IQsoft_API_Integration-OpenGame\IQSoftAPI_Integration_QA"/>
    <property name="java.vm.compressedOopsMode" value="32-bit"/>
    <property name="java.runtime.version" value="17.0.2+8-LTS-86"/>
    <property name="os.arch" value="amd64"/>
    <property name="java.io.tmpdir" value="C:\Users\NERSES~1\AppData\Local\Temp\"/>
    <property name="line.separator" value="&#10;"/>
    <property name="java.vm.specification.vendor" value="Oracle Corporation"/>
    <property name="user.variant" value=""/>
    <property name="os.name" value="Windows 10"/>
    <property name="classworlds.conf" value="C:\apache-maven-3.8.6-bin\apache-maven-3.8.6\bin\m2.conf"/>
    <property name="sun.jnu.encoding" value="Cp1252"/>
    <property name="java.library.path" value="C:\Program Files\Java\jdk-17.0.2\bin;C:\WINDOWS\Sun\Java\bin;C:\WINDOWS\system32;C:\WINDOWS;C:\Program Files\Common Files\Oracle\Java\javapath;C:\WINDOWS\system32;C:\WINDOWS;C:\WINDOWS\System32\Wbem;C:\WINDOWS\System32\WindowsPowerShell\v1.0\;C:\WINDOWS\System32\OpenSSH\;C:\Program Files\dotnet\;C:\Program Files\Microsoft SQL Server\130\Tools\Binn\;C:\Program Files\Microsoft SQL Server\Client SDK\ODBC\170\Tools\Binn\;C:\Program Files (x86)\Microsoft SQL Server\150\Tools\Binn\;C:\Program Files\Microsoft SQL Server\150\Tools\Binn\;C:\Program Files\Microsoft SQL Server\150\DTS\Binn\;C:\Program Files (x86)\Microsoft SQL Server\150\DTS\Binn\;C:\Program Files\Seq\;C:\Program Files\Seq\Client\;C:\Program Files\Java\jdk-17.0.2\bin;C:\Program Files\Common Files\Oracle\Java\javapath;C:\Program Files\nodejs\;C:\apache-maven-3.8.6-bin\apache-maven-3.8.6\bin;C:\apache-maven-3.8.6-bin\apache-maven-3.8.6;%M2_HOME%\bin;C:\Program Files\Git\cmd;C:\Users\Nerses Khachatryan\AppData\Local\Programs\Python\Python310\Scripts\;C:\Users\Nerses Khachatryan\AppData\Local\Programs\Python\Python310\;C:\Users\Nerses Khachatryan\AppData\Local\Microsoft\WindowsApps;C:\Users\Nerses Khachatryan\AppData\Roaming\npm;."/>
    <property name="maven.conf" value="C:\apache-maven-3.8.6-bin\apache-maven-3.8.6/conf"/>
    <property name="jdk.debug" value="release"/>
    <property name="java.class.version" value="61.0"/>
    <property name="java.specification.name" value="Java Platform API Specification"/>
    <property name="sun.management.compiler" value="HotSpot 64-Bit Tiered Compilers"/>
    <property name="os.version" value="10.0"/>
    <property name="library.jansi.path" value="C:\apache-maven-3.8.6-bin\apache-maven-3.8.6\lib\jansi-native"/>
    <property name="user.home" value="C:\Users\Nerses Khachatryan"/>
    <property name="user.timezone" value="Asia/Yerevan"/>
    <property name="file.encoding" value="Cp1252"/>
    <property name="java.specification.version" value="17"/>
    <property name="user.name" value="Nerses Khachatryan"/>
    <property name="java.class.path" value="C:\apache-maven-3.8.6-bin\apache-maven-3.8.6\boot\plexus-classworlds-2.6.0.jar"/>
    <property name="java.vm.specification.version" value="17"/>
    <property name="sun.arch.data.model" value="64"/>
    <property name="sun.java.command" value="org.codehaus.plexus.classworlds.launcher.Launcher clean install"/>
    <property name="java.home" value="C:\Program Files\Java\jdk-17.0.2"/>
    <property name="user.language" value="en"/>
    <property name="java.specification.vendor" value="Oracle Corporation"/>
    <property name="java.vm.info" value="mixed mode, sharing"/>
    <property name="java.version" value="17.0.2"/>
    <property name="native.encoding" value="Cp1252"/>
    <property name="java.vendor" value="Oracle Corporation"/>
    <property name="sun.stderr.encoding" value="cp437"/>
    <property name="maven.home" value="C:\apache-maven-3.8.6-bin\apache-maven-3.8.6"/>
    <property name="file.separator" value="\"/>
    <property name="java.version.date" value="2022-01-18"/>
    <property name="java.vendor.url.bug" value="https://bugreport.java.com/bugreport/"/>
    <property name="sun.io.unicode.encoding" value="UnicodeLittle"/>
    <property name="sun.cpu.endian" value="little"/>
    <property name="sun.stdout.encoding" value="cp437"/>
    <property name="sun.cpu.isalist" value="amd64"/>
  </properties>
  <testcase name="OpenGameAPIValidateStatusCod" classname="testCases.IqSoft_API_1_OpenGame_Positive_Test" time="0.095"/>
  <testcase name="OpenGameAPIValidatePositiveResponse" classname="testCases.IqSoft_API_1_OpenGame_Positive_Test" time="0.016">
    <failure message="The following asserts failed:&#10;	ResponseCode: 21 expected [0] but found [21],&#10;	Error Description: An error occurred while updating the entries. See the inner exception for details. expected [null] but found [An error occurred while updating the entries. See the inner exception for details.],&#10;	ResponseObject: null did not expect [null] but found [null],&#10;	ResponseObject Don&apos;t Contain http:// expected [true] but found [false]" type="java.lang.AssertionError">java.lang.AssertionError: The following asserts failed:
	ResponseCode: 21 expected [0] but found [21],
	Error Description: An error occurred while updating the entries. See the inner exception for details. expected [null] but found [An error occurred while updating the entries. See the inner exception for details.],
	ResponseObject: null did not expect [null] but found [null],
	ResponseObject Don't Contain http:// expected [true] but found [false]
	at org.testng.asserts.SoftAssert.assertAll(SoftAssert.java:46)
	at org.testng.asserts.SoftAssert.assertAll(SoftAssert.java:30)
	at testCases.IqSoft_API_1_OpenGame_Positive_Test.OpenGameAPIValidatePositiveResponse(IqSoft_API_1_OpenGame_Positive_Test.java:60)
</failure>
    <system-out><![CDATA[ERROR [main] (ReportingAllure.java:61)- OpenGameAPIValidatePositiveResponse Test failed
]]></system-out>
  </testcase>
  <testcase name="OpenGameAPIValidateResponseWithInvalidToken" classname="testCases.IqSoft_API_1_OpenGame_Negative_Test" time="0.568"/>
  <testcase name="OpenGameAPIValidateResponseWithExpiredToken" classname="testCases.IqSoft_API_1_OpenGame_Negative_Test" time="0.622">
    <failure message="The following asserts failed:&#10;	ResponseCode: 21 expected [22] but found [21],&#10;	Error Description: An error occurred while updating the entries. See the inner exception for details. expected [Client not found] but found [An error occurred while updating the entries. See the inner exception for details.]" type="java.lang.AssertionError">java.lang.AssertionError: The following asserts failed:
	ResponseCode: 21 expected [22] but found [21],
	Error Description: An error occurred while updating the entries. See the inner exception for details. expected [Client not found] but found [An error occurred while updating the entries. See the inner exception for details.]
	at org.testng.asserts.SoftAssert.assertAll(SoftAssert.java:46)
	at org.testng.asserts.SoftAssert.assertAll(SoftAssert.java:30)
	at testCases.IqSoft_API_1_OpenGame_Negative_Test.OpenGameAPIValidateResponseWithExpiredToken(IqSoft_API_1_OpenGame_Negative_Test.java:72)
</failure>
    <system-out><![CDATA[ INFO [main] (BaseTest.java:116)- 
 INFO [main] (BaseTest.java:117)- https://production.iqsoftllc.com/61/api/Integration/OpenGame
 INFO [main] (BaseTest.java:118)- OpenGameAPI:  RequestBody {"PartnerId":61,"GameId":54351,"Token":"6cf0a441-455a-11ed-b772-ecb1d7ae60a8","LanguageId":"en","IsForMobile":false,"Domain":"dazarbet.com"}
 INFO [main] (BaseTest.java:119)- OpenGameAPI:  ResponseBody {"ResponseCode":21,"Description":"An error occurred while updating the entries. See the inner exception for details.","ResponseObject":null}  ResponseTime 597 ms
 INFO [main] (BaseTest.java:120)- 
 INFO [main] (IqSoft_API_1_OpenGame_Negative_Test.java:63)- OpenGame API Response Status Cod is Equal: 200
ERROR [main] (ReportingAllure.java:61)- OpenGameAPIValidateResponseWithExpiredToken Test failed
]]></system-out>
  </testcase>
  <testcase name="OpenGameAPIValidateResponseWithInvalidPartnerID" classname="testCases.IqSoft_API_1_OpenGame_Negative_Test" time="0.645">
    <failure message="The following asserts failed:&#10;	ResponseCode 21 expected [22] but found [21],&#10;	Error Description: An error occurred while updating the entries. See the inner exception for details. expected [ClientNotFound ] but found [An error occurred while updating the entries. See the inner exception for details.]" type="java.lang.AssertionError">java.lang.AssertionError: The following asserts failed:
	ResponseCode 21 expected [22] but found [21],
	Error Description: An error occurred while updating the entries. See the inner exception for details. expected [ClientNotFound ] but found [An error occurred while updating the entries. See the inner exception for details.]
	at org.testng.asserts.SoftAssert.assertAll(SoftAssert.java:46)
	at org.testng.asserts.SoftAssert.assertAll(SoftAssert.java:30)
	at testCases.IqSoft_API_1_OpenGame_Negative_Test.OpenGameAPIValidateResponseWithInvalidPartnerID(IqSoft_API_1_OpenGame_Negative_Test.java:98)
</failure>
    <system-out><![CDATA[ INFO [main] (BaseTest.java:116)- 
 INFO [main] (BaseTest.java:117)- https://production.iqsoftllc.com/61/api/Integration/OpenGame
 INFO [main] (BaseTest.java:118)- OpenGameAPI:  RequestBody {"PartnerId":-1,"GameId":54351,"Token":"e30214f9-4872-11ed-b772-ecb1d7ae60a8","LanguageId":"en","IsForMobile":false,"Domain":"dazarbet.com"}
 INFO [main] (BaseTest.java:119)- OpenGameAPI:  ResponseBody {"ResponseCode":21,"Description":"An error occurred while updating the entries. See the inner exception for details.","ResponseObject":null}  ResponseTime 599 ms
 INFO [main] (BaseTest.java:120)- 
 INFO [main] (IqSoft_API_1_OpenGame_Negative_Test.java:90)- OpenGame API Response Status Cod is Equal: 200
ERROR [main] (ReportingAllure.java:61)- OpenGameAPIValidateResponseWithInvalidPartnerID Test failed
]]></system-out>
  </testcase>
  <testcase name="OpenGameAPIValidateResponseWithInvalidGameID" classname="testCases.IqSoft_API_1_OpenGame_Negative_Test" time="0.481"/>
  <testcase name="OpenGameAPIValidateResponseWithInvalidDomain" classname="testCases.IqSoft_API_1_OpenGame_Negative_Test" time="0.633">
    <failure message="The following asserts failed:&#10;	ResponseCode: 21 expected [43] but found [21],&#10;	Error Description: An error occurred while updating the entries. See the inner exception for details. expected [ProductNotFound] but found [An error occurred while updating the entries. See the inner exception for details.]" type="java.lang.AssertionError">java.lang.AssertionError: The following asserts failed:
	ResponseCode: 21 expected [43] but found [21],
	Error Description: An error occurred while updating the entries. See the inner exception for details. expected [ProductNotFound] but found [An error occurred while updating the entries. See the inner exception for details.]
	at org.testng.asserts.SoftAssert.assertAll(SoftAssert.java:46)
	at org.testng.asserts.SoftAssert.assertAll(SoftAssert.java:30)
	at testCases.IqSoft_API_1_OpenGame_Negative_Test.OpenGameAPIValidateResponseWithInvalidDomain(IqSoft_API_1_OpenGame_Negative_Test.java:151)
</failure>
    <system-out><![CDATA[ INFO [main] (BaseTest.java:116)- 
 INFO [main] (BaseTest.java:117)- https://production.iqsoftllc.com/61/api/Integration/OpenGame
 INFO [main] (BaseTest.java:118)- OpenGameAPI:  RequestBody {"PartnerId":61,"GameId":54351,"Token":"e30214f9-4872-11ed-b772-ecb1d7ae60a8","LanguageId":"en","IsForMobile":false,"Domain":"dazarbet.com1"}
 INFO [main] (BaseTest.java:119)- OpenGameAPI:  ResponseBody {"ResponseCode":21,"Description":"An error occurred while updating the entries. See the inner exception for details.","ResponseObject":null}  ResponseTime 623 ms
 INFO [main] (BaseTest.java:120)- 
 INFO [main] (IqSoft_API_1_OpenGame_Negative_Test.java:143)- OpenGame API Response Status Cod is Equal: 200
ERROR [main] (ReportingAllure.java:61)- OpenGameAPIValidateResponseWithInvalidDomain Test failed
]]></system-out>
  </testcase>
  <testcase name="AuthorizationAPIValidateStatusCod" classname="testCases.IqSoft_API_2_Authorization_Positive_Test" time="0.003"/>
  <testcase name="AuthorizationAPIValidatePositiveResponse" classname="testCases.IqSoft_API_2_Authorization_Positive_Test" time="0.002"/>
  <testcase name="GetBalanceAPIValidateStatusCod" classname="testCases.IqSoft_API_3_GetBalance_Positive_Test" time="0.002"/>
  <testcase name="GetBalanceAPIValidatePositiveResponse" classname="testCases.IqSoft_API_3_GetBalance_Positive_Test" time="0.004"/>
  <testcase name="CreditAPIValidateStatusCod" classname="testCases.IqSoft_API_4_Credit_Positive_Test" time="0.003"/>
  <testcase name="CreditAPIValidatePositiveResponse" classname="testCases.IqSoft_API_4_Credit_Positive_Test" time="0.003"/>
  <testcase name="DebitAPIValidateStatusCod" classname="testCases.IqSoft_API_5_Debit_Positive_Test" time="0.006"/>
  <testcase name="DebitAPIValidatePositiveResponse" classname="testCases.IqSoft_API_5_Debit_Positive_Test" time="0.006"/>
  <testcase name="RollBackAPIValidateStatusCod" classname="testCases.IqSoft_API_6_RollBackCreditWithDebit_Positive_Test" time="0.007"/>
  <testcase name="RollBackAPIValidatePositiveResponse" classname="testCases.IqSoft_API_6_RollBackCreditWithDebit_Positive_Test" time="0.003"/>
  <testcase name="RollBackAPIValidatePositiveResponseBalanceCorrection" classname="testCases.IqSoft_API_6_RollBackCreditWithDebit_Positive_Test" time="0.003"/>
  <testcase name="RollBackAPIValidateStatusCod" classname="testCases.IqSoft_API_6_RollBackCreditWithoutDebit_Positive_Test" time="0.003"/>
  <testcase name="RollBackAPIValidatePositiveResponse" classname="testCases.IqSoft_API_6_RollBackCreditWithoutDebit_Positive_Test" time="0.003"/>
  <testcase name="RollBackAPIValidatePositiveResponseBalanceCorrection" classname="testCases.IqSoft_API_6_RollBackCreditWithoutDebit_Positive_Test" time="0.003"/>
  <testcase name="RollBackAPIValidateStatusCod" classname="testCases.IqSoft_API_6_RollBackDebit_Positive_Test" time="0.002"/>
  <testcase name="RollBackAPIValidatePositiveResponse" classname="testCases.IqSoft_API_6_RollBackDebit_Positive_Test" time="0.003"/>
  <testcase name="RollBackAPIValidatePositiveResponseBalanceCorrection" classname="testCases.IqSoft_API_6_RollBackDebit_Positive_Test" time="0.003"/>
  <testcase name="AuthorizationAPIValidateResponseWithExpiredToken" classname="testCases.IqSoft_API_2_Authorization_Negative_Test" time="0.606">
    <failure message="The following asserts failed:&#10;	ResponseCode: 0 expected [29] but found [0],&#10;	Error Description: null expected [SessionExpired] but found [null]" type="java.lang.AssertionError">java.lang.AssertionError: The following asserts failed:
	ResponseCode: 0 expected [29] but found [0],
	Error Description: null expected [SessionExpired] but found [null]
	at org.testng.asserts.SoftAssert.assertAll(SoftAssert.java:46)
	at org.testng.asserts.SoftAssert.assertAll(SoftAssert.java:30)
	at testCases.IqSoft_API_2_Authorization_Negative_Test.AuthorizationAPIValidateResponseWithExpiredToken(IqSoft_API_2_Authorization_Negative_Test.java:43)
</failure>
    <system-out><![CDATA[ INFO [main] (BaseTest.java:143)- 
 INFO [main] (BaseTest.java:144)- https://iqs.dazzabet.com/api/endpoint/Authorization
 INFO [main] (BaseTest.java:145)- AuthorizationAPI:  RequestBody{"Token":"6cf0a441-455a-11ed-b772-ecb1d7ae60a8","ProductId":54351}
 INFO [main] (BaseTest.java:146)- AuthorizationAPI:  ResponseBody{"Token":"6cf0a441-455a-11ed-b772-ecb1d7ae60a8","Gender":"1","ClientId":"dazzabet10130","LastName":"","UserName":"testuser","BirthDate":"1998-12-29","FirstName":"","CurrencyId":"TND","Description":null,"ResponseCode":0}  ResponseTime 596 ms
 INFO [main] (BaseTest.java:147)- 
 INFO [main] (IqSoft_API_2_Authorization_Negative_Test.java:30)- Authorization API Response Status cod : 200
ERROR [main] (ReportingAllure.java:61)- AuthorizationAPIValidateResponseWithExpiredToken Test failed
]]></system-out>
  </testcase>
  <testcase name="AuthorizationAPIValidateResponseWithInvalidToken" classname="testCases.IqSoft_API_2_Authorization_Negative_Test" time="0.639"/>
  <testcase name="AuthorizationAPIValidateResponseWithInvalidProductID" classname="testCases.IqSoft_API_2_Authorization_Negative_Test" time="0.456">
    <failure message="The following asserts failed:&#10;	ResponseCode: 0 expected [43] but found [0],&#10;	Error Description: null expected [ProductNotFound] but found [null]" type="java.lang.AssertionError">java.lang.AssertionError: The following asserts failed:
	ResponseCode: 0 expected [43] but found [0],
	Error Description: null expected [ProductNotFound] but found [null]
	at org.testng.asserts.SoftAssert.assertAll(SoftAssert.java:46)
	at org.testng.asserts.SoftAssert.assertAll(SoftAssert.java:30)
	at testCases.IqSoft_API_2_Authorization_Negative_Test.AuthorizationAPIValidateResponseWithInvalidProductID(IqSoft_API_2_Authorization_Negative_Test.java:96)
</failure>
    <system-out><![CDATA[ INFO [main] (BaseTest.java:143)- 
 INFO [main] (BaseTest.java:144)- https://iqs.dazzabet.com/api/endpoint/Authorization
 INFO [main] (BaseTest.java:145)- AuthorizationAPI:  RequestBody{"Token":"e30214f9-4872-11ed-b772-ecb1d7ae60a8","ProductId":54351}
 INFO [main] (BaseTest.java:146)- AuthorizationAPI:  ResponseBody{"Token":"e30214f9-4872-11ed-b772-ecb1d7ae60a8","Gender":"1","ClientId":"dazzabet10130","LastName":"","UserName":"testuser","BirthDate":"1998-12-29","FirstName":"","CurrencyId":"TND","Description":null,"ResponseCode":0}  ResponseTime 442 ms
 INFO [main] (BaseTest.java:147)- 
 INFO [main] (IqSoft_API_2_Authorization_Negative_Test.java:83)- Authorization API Response Status cod : 200
ERROR [main] (ReportingAllure.java:61)- AuthorizationAPIValidateResponseWithInvalidProductID Test failed
]]></system-out>
  </testcase>
  <testcase name="GetBalanceAPIValidateResponseWithExpiredToken" classname="testCases.IqSoft_API_3_GetBalance_Negative_Test" time="0.627">
    <failure message="The following asserts failed:&#10;	ResponseCode: 0 expected [29] but found [0],&#10;	Error Description: null expected [SessionExpired] but found [null]" type="java.lang.AssertionError">java.lang.AssertionError: The following asserts failed:
	ResponseCode: 0 expected [29] but found [0],
	Error Description: null expected [SessionExpired] but found [null]
	at org.testng.asserts.SoftAssert.assertAll(SoftAssert.java:46)
	at org.testng.asserts.SoftAssert.assertAll(SoftAssert.java:30)
	at testCases.IqSoft_API_3_GetBalance_Negative_Test.GetBalanceAPIValidateResponseWithExpiredToken(IqSoft_API_3_GetBalance_Negative_Test.java:41)
</failure>
    <system-out><![CDATA[ INFO [main] (BaseTest.java:172)- 
 INFO [main] (BaseTest.java:173)- https://iqs.dazzabet.com/api/endpoint/GetBalance
 INFO [main] (BaseTest.java:174)- GetBalanceAPI:  RequestBody{"Token":"6cf0a441-455a-11ed-b772-ecb1d7ae60a8","CurrencyId":"TND"}
 INFO [main] (BaseTest.java:175)- GetBalanceAPI:  ResponseBody{"CurrencyId":"TND","Description":null,"ResponseCode":0,"AvailableBalance":9489.7}  ResponseTime 613 ms
 INFO [main] (BaseTest.java:176)- 
 INFO [main] (IqSoft_API_3_GetBalance_Negative_Test.java:27)-  GetBalance API Status Cod is Equal: 200
ERROR [main] (ReportingAllure.java:61)- GetBalanceAPIValidateResponseWithExpiredToken Test failed
]]></system-out>
  </testcase>
  <testcase name="GetBalanceAPIValidateResponseWithInvalidToken" classname="testCases.IqSoft_API_3_GetBalance_Negative_Test" time="0.452"/>
  <testcase name="GetBalanceAPIValidateResponseWithInvalidCurrencyID" classname="testCases.IqSoft_API_3_GetBalance_Negative_Test" time="0.629">
    <failure message="The following asserts failed:&#10;	ResponseCode: 0 expected [20] but found [0],&#10;	Error Description: null expected [CurrencyNotExists] but found [null]" type="java.lang.AssertionError">java.lang.AssertionError: The following asserts failed:
	ResponseCode: 0 expected [20] but found [0],
	Error Description: null expected [CurrencyNotExists] but found [null]
	at org.testng.asserts.SoftAssert.assertAll(SoftAssert.java:46)
	at org.testng.asserts.SoftAssert.assertAll(SoftAssert.java:30)
	at testCases.IqSoft_API_3_GetBalance_Negative_Test.GetBalanceAPIValidateResponseWithInvalidCurrencyID(IqSoft_API_3_GetBalance_Negative_Test.java:89)
</failure>
    <system-out><![CDATA[ INFO [main] (BaseTest.java:172)- 
 INFO [main] (BaseTest.java:173)- https://iqs.dazzabet.com/api/endpoint/GetBalance
 INFO [main] (BaseTest.java:174)- GetBalanceAPI:  RequestBody{"Token":"e30214f9-4872-11ed-b772-ecb1d7ae60a8","CurrencyId":"TND1"}
 INFO [main] (BaseTest.java:175)- GetBalanceAPI:  ResponseBody{"CurrencyId":"TND1","Description":null,"ResponseCode":0,"AvailableBalance":9489.7}  ResponseTime 612 ms
 INFO [main] (BaseTest.java:176)- 
 INFO [main] (IqSoft_API_3_GetBalance_Negative_Test.java:75)-  GetBalance API Status Cod is Equal: 200
ERROR [main] (ReportingAllure.java:61)- GetBalanceAPIValidateResponseWithInvalidCurrencyID Test failed
]]></system-out>
  </testcase>
  <testcase name="GetBalanceAPIValidateResponseWithOtherCurrencyID" classname="testCases.IqSoft_API_3_GetBalance_Negative_Test" time="0.918">
    <failure message="balanceUSD VS balanceEUR did not expect [9489.7] but found [9489.7]" type="java.lang.AssertionError">java.lang.AssertionError: balanceUSD VS balanceEUR did not expect [9489.7] but found [9489.7]
	at org.testng.Assert.fail(Assert.java:110)
	at org.testng.Assert.failEquals(Assert.java:1417)
	at org.testng.Assert.assertNotEqualsImpl(Assert.java:156)
	at org.testng.Assert.assertNotEquals(Assert.java:2033)
	at testCases.IqSoft_API_3_GetBalance_Negative_Test.GetBalanceAPIValidateResponseWithOtherCurrencyID(IqSoft_API_3_GetBalance_Negative_Test.java:113)
</failure>
    <system-out><![CDATA[ INFO [main] (BaseTest.java:172)- 
 INFO [main] (BaseTest.java:173)- https://iqs.dazzabet.com/api/endpoint/GetBalance
 INFO [main] (BaseTest.java:174)- GetBalanceAPI:  RequestBody{"Token":"e30214f9-4872-11ed-b772-ecb1d7ae60a8","CurrencyId":"USD"}
 INFO [main] (BaseTest.java:175)- GetBalanceAPI:  ResponseBody{"CurrencyId":"USD","Description":null,"ResponseCode":0,"AvailableBalance":9489.7}  ResponseTime 446 ms
 INFO [main] (BaseTest.java:176)- 
 INFO [main] (IqSoft_API_3_GetBalance_Negative_Test.java:99)-  GetBalance API Status Cod is Equal: 200
 INFO [main] (BaseTest.java:172)- 
 INFO [main] (BaseTest.java:173)- https://iqs.dazzabet.com/api/endpoint/GetBalance
 INFO [main] (BaseTest.java:174)- GetBalanceAPI:  RequestBody{"Token":"e30214f9-4872-11ed-b772-ecb1d7ae60a8","CurrencyId":"EUR"}
 INFO [main] (BaseTest.java:175)- GetBalanceAPI:  ResponseBody{"CurrencyId":"EUR","Description":null,"ResponseCode":0,"AvailableBalance":9489.7}  ResponseTime 453 ms
 INFO [main] (BaseTest.java:176)- 
ERROR [main] (ReportingAllure.java:61)- GetBalanceAPIValidateResponseWithOtherCurrencyID Test failed
]]></system-out>
  </testcase>
  <testcase name="CreditAPIValidateResponseWithExpiredToken" classname="testCases.IqSoft_API_4_Credit_Negative_Test" time="1.338">
    <failure message="The following asserts failed:&#10;	ResponseCode: 0 expected [29] but found [0],&#10;	Error Description: null expected [SessionExpired] but found [null],&#10;	amountBeforeCredit = amountAfterCredit: 9489.7 = 9488.7 expected [9488.7] but found [9489.7]" type="java.lang.AssertionError">java.lang.AssertionError: The following asserts failed:
	ResponseCode: 0 expected [29] but found [0],
	Error Description: null expected [SessionExpired] but found [null],
	amountBeforeCredit = amountAfterCredit: 9489.7 = 9488.7 expected [9488.7] but found [9489.7]
	at org.testng.asserts.SoftAssert.assertAll(SoftAssert.java:46)
	at org.testng.asserts.SoftAssert.assertAll(SoftAssert.java:30)
	at testCases.IqSoft_API_4_Credit_Negative_Test.CreditAPIValidateResponseWithExpiredToken(IqSoft_API_4_Credit_Negative_Test.java:60)
</failure>
    <system-out><![CDATA[ INFO [main] (BaseTest.java:172)- 
 INFO [main] (BaseTest.java:173)- https://iqs.dazzabet.com/api/endpoint/GetBalance
 INFO [main] (BaseTest.java:174)- GetBalanceAPI:  RequestBody{"Token":"e30214f9-4872-11ed-b772-ecb1d7ae60a8","CurrencyId":"TND"}
 INFO [main] (BaseTest.java:175)- GetBalanceAPI:  ResponseBody{"CurrencyId":"TND","Description":null,"ResponseCode":0,"AvailableBalance":9489.7}  ResponseTime 447 ms
 INFO [main] (BaseTest.java:176)- 
 INFO [main] (BaseTest.java:212)- 
 INFO [main] (BaseTest.java:213)- https://iqs.dazzabet.com/api/endpoint/Credit
 INFO [main] (BaseTest.java:214)- CreditAPI:  RequestBody{"Token":"6cf0a441-455a-11ed-b772-ecb1d7ae60a8","CurrencyId":"TND","GameId":54351,"OperationTypeId":1,"TransactionId":"QA_Test-I5ttZk7yy5VlDG1ZlLn3_C","BetState":1,"Amount":1.0}
 INFO [main] (BaseTest.java:215)- CreditAPI:  ResponseBody{"Description":null,"ResponseCode":0,"OperationItems":[{"BetId":2573,"Balance":9488.7,"ClientId":"dazzabet10130","CurrencyId":"TND"}]}  ResponseTime 445 ms
 INFO [main] (BaseTest.java:216)- 
 INFO [main] (BaseTest.java:172)- 
 INFO [main] (BaseTest.java:173)- https://iqs.dazzabet.com/api/endpoint/GetBalance
 INFO [main] (BaseTest.java:174)- GetBalanceAPI:  RequestBody{"Token":"e30214f9-4872-11ed-b772-ecb1d7ae60a8","CurrencyId":"TND"}
 INFO [main] (BaseTest.java:175)- GetBalanceAPI:  ResponseBody{"CurrencyId":"TND","Description":null,"ResponseCode":0,"AvailableBalance":9488.7}  ResponseTime 418 ms
 INFO [main] (BaseTest.java:176)- 
ERROR [main] (ReportingAllure.java:61)- CreditAPIValidateResponseWithExpiredToken Test failed
]]></system-out>
  </testcase>
  <testcase name="CreditAPIValidateResponseWithInvalidToken" classname="testCases.IqSoft_API_4_Credit_Negative_Test" time="1.753"/>
  <testcase name="CreditAPIValidateResponseWithInvalidProductID" classname="testCases.IqSoft_API_4_Credit_Negative_Test" time="1.526">
    <failure message="The following asserts failed:&#10;	Error Description: game not avaible expected [game not available] but found [game not avaible]" type="java.lang.AssertionError">java.lang.AssertionError: The following asserts failed:
	Error Description: game not avaible expected [game not available] but found [game not avaible]
	at org.testng.asserts.SoftAssert.assertAll(SoftAssert.java:46)
	at org.testng.asserts.SoftAssert.assertAll(SoftAssert.java:30)
	at testCases.IqSoft_API_4_Credit_Negative_Test.CreditAPIValidateResponseWithInvalidProductID(IqSoft_API_4_Credit_Negative_Test.java:143)
</failure>
    <system-out><![CDATA[ INFO [main] (BaseTest.java:172)- 
 INFO [main] (BaseTest.java:173)- https://iqs.dazzabet.com/api/endpoint/GetBalance
 INFO [main] (BaseTest.java:174)- GetBalanceAPI:  RequestBody{"Token":"e30214f9-4872-11ed-b772-ecb1d7ae60a8","CurrencyId":"TND"}
 INFO [main] (BaseTest.java:175)- GetBalanceAPI:  ResponseBody{"CurrencyId":"TND","Description":null,"ResponseCode":0,"AvailableBalance":9488.7}  ResponseTime 597 ms
 INFO [main] (BaseTest.java:176)- 
 INFO [main] (BaseTest.java:212)- 
 INFO [main] (BaseTest.java:213)- https://iqs.dazzabet.com/api/endpoint/Credit
 INFO [main] (BaseTest.java:214)- CreditAPI:  RequestBody{"Token":"e30214f9-4872-11ed-b772-ecb1d7ae60a8","CurrencyId":"TND","GameId":-10,"OperationTypeId":1,"TransactionId":"QA_Test-LdceVn81UMs7Cspm2WvT_C","BetState":1,"Amount":1.0}
 INFO [main] (BaseTest.java:215)- CreditAPI:  ResponseBody{"Description":"game not avaible","ResponseCode":43}  ResponseTime 455 ms
 INFO [main] (BaseTest.java:216)- 
 INFO [main] (BaseTest.java:172)- 
 INFO [main] (BaseTest.java:173)- https://iqs.dazzabet.com/api/endpoint/GetBalance
 INFO [main] (BaseTest.java:174)- GetBalanceAPI:  RequestBody{"Token":"e30214f9-4872-11ed-b772-ecb1d7ae60a8","CurrencyId":"TND"}
 INFO [main] (BaseTest.java:175)- GetBalanceAPI:  ResponseBody{"CurrencyId":"TND","Description":null,"ResponseCode":0,"AvailableBalance":9488.7}  ResponseTime 449 ms
 INFO [main] (BaseTest.java:176)- 
ERROR [main] (ReportingAllure.java:61)- CreditAPIValidateResponseWithInvalidProductID Test failed
]]></system-out>
  </testcase>
  <testcase name="CreditAPIValidateResponseUsingTransactionIDTwice" classname="testCases.IqSoft_API_4_Credit_Negative_Test" time="2.442"/>
  <testcase name="CreditAPIValidateResponseUsingAmountHigherThenBalance" classname="testCases.IqSoft_API_4_Credit_Negative_Test" time="1.317"/>
  <testcase name="CreditAPIValidateResponseWithInvalidAmount" classname="testCases.IqSoft_API_4_Credit_Negative_Test" time="1.581">
    <failure message="The following asserts failed:&#10;	ResponseCode: 0 expected [39] but found [0],&#10;	Error Description: null expected [WrongOperationAmount] but found [null]" type="java.lang.AssertionError">java.lang.AssertionError: The following asserts failed:
	ResponseCode: 0 expected [39] but found [0],
	Error Description: null expected [WrongOperationAmount] but found [null]
	at org.testng.asserts.SoftAssert.assertAll(SoftAssert.java:46)
	at org.testng.asserts.SoftAssert.assertAll(SoftAssert.java:30)
	at testCases.IqSoft_API_4_Credit_Negative_Test.CreditAPIValidateResponseWithInvalidAmount(IqSoft_API_4_Credit_Negative_Test.java:280)
</failure>
    <system-out><![CDATA[ INFO [main] (BaseTest.java:172)- 
 INFO [main] (BaseTest.java:173)- https://iqs.dazzabet.com/api/endpoint/GetBalance
 INFO [main] (BaseTest.java:174)- GetBalanceAPI:  RequestBody{"Token":"e30214f9-4872-11ed-b772-ecb1d7ae60a8","CurrencyId":"TND"}
 INFO [main] (BaseTest.java:175)- GetBalanceAPI:  ResponseBody{"CurrencyId":"TND","Description":null,"ResponseCode":0,"AvailableBalance":9487.7}  ResponseTime 459 ms
 INFO [main] (BaseTest.java:176)- 
 INFO [main] (BaseTest.java:212)- 
 INFO [main] (BaseTest.java:213)- https://iqs.dazzabet.com/api/endpoint/Credit
 INFO [main] (BaseTest.java:214)- CreditAPI:  RequestBody{"Token":"e30214f9-4872-11ed-b772-ecb1d7ae60a8","CurrencyId":"TND","GameId":54351,"OperationTypeId":1,"TransactionId":"QA_Test-zHxIHnTELIeNhF29iy3e_C","BetState":1,"Amount":0.0}
 INFO [main] (BaseTest.java:215)- CreditAPI:  ResponseBody{"Description":null,"ResponseCode":0,"OperationItems":[{"BetId":2577,"Balance":9487.7,"ClientId":"dazzabet10130","CurrencyId":"TND"}]}  ResponseTime 450 ms
 INFO [main] (BaseTest.java:216)- 
 INFO [main] (BaseTest.java:172)- 
 INFO [main] (BaseTest.java:173)- https://iqs.dazzabet.com/api/endpoint/GetBalance
 INFO [main] (BaseTest.java:174)- GetBalanceAPI:  RequestBody{"Token":"e30214f9-4872-11ed-b772-ecb1d7ae60a8","CurrencyId":"TND"}
 INFO [main] (BaseTest.java:175)- GetBalanceAPI:  ResponseBody{"CurrencyId":"TND","Description":null,"ResponseCode":0,"AvailableBalance":9487.7}  ResponseTime 438 ms
 INFO [main] (BaseTest.java:176)- 
ERROR [main] (ReportingAllure.java:61)- CreditAPIValidateResponseWithInvalidAmount Test failed
]]></system-out>
  </testcase>
  <testcase name="CreditAPIValidateResponseWithInvalidAmount" classname="testCases.IqSoft_API_4_Credit_Negative_Test" time="1.369"/>
  <testcase name="CreditAPIValidateResponseWithInvalidAmount" classname="testCases.IqSoft_API_4_Credit_Negative_Test" time="1.346"/>
  <testcase name="CreditAPIValidateResponseWithInvalidAmount" classname="testCases.IqSoft_API_4_Credit_Negative_Test" time="1.405"/>
  <testcase name="CreditAPIValidateResponseWithInvalidAmount" classname="testCases.IqSoft_API_4_Credit_Negative_Test" time="1.359"/>
  <testcase name="DebitAPIValidateResponseWithInvalidToken" classname="testCases.IqSoft_API_5_Debit_Negative_Test" time="2.216"/>
  <testcase name="DebitAPIValidateResponseUsingInvalidProductID" classname="testCases.IqSoft_API_5_Debit_Negative_Test" time="2.537">
    <failure message="The following asserts failed:&#10;	Error Description: game not avaible expected [game not available] but found [game not avaible]" type="java.lang.AssertionError">java.lang.AssertionError: The following asserts failed:
	Error Description: game not avaible expected [game not available] but found [game not avaible]
	at org.testng.asserts.SoftAssert.assertAll(SoftAssert.java:46)
	at org.testng.asserts.SoftAssert.assertAll(SoftAssert.java:30)
	at testCases.IqSoft_API_5_Debit_Negative_Test.DebitAPIValidateResponseUsingInvalidProductID(IqSoft_API_5_Debit_Negative_Test.java:120)
</failure>
    <system-out><![CDATA[ INFO [main] (BaseTest.java:172)- 
 INFO [main] (BaseTest.java:173)- https://iqs.dazzabet.com/api/endpoint/GetBalance
 INFO [main] (BaseTest.java:174)- GetBalanceAPI:  RequestBody{"Token":"e30214f9-4872-11ed-b772-ecb1d7ae60a8","CurrencyId":"TND"}
 INFO [main] (BaseTest.java:175)- GetBalanceAPI:  ResponseBody{"CurrencyId":"TND","Description":null,"ResponseCode":0,"AvailableBalance":9486.7}  ResponseTime 447 ms
 INFO [main] (BaseTest.java:176)- 
 INFO [main] (BaseTest.java:212)- 
 INFO [main] (BaseTest.java:213)- https://iqs.dazzabet.com/api/endpoint/Credit
 INFO [main] (BaseTest.java:214)- CreditAPI:  RequestBody{"Token":"e30214f9-4872-11ed-b772-ecb1d7ae60a8","CurrencyId":"TND","GameId":54351,"OperationTypeId":1,"TransactionId":"QA_Test-F1a4NrPxmh0GeaD5ByhT_C","BetState":1,"Amount":1.0}
 INFO [main] (BaseTest.java:215)- CreditAPI:  ResponseBody{"Description":null,"ResponseCode":0,"OperationItems":[{"BetId":2579,"Balance":9485.7,"ClientId":"dazzabet10130","CurrencyId":"TND"}]}  ResponseTime 433 ms
 INFO [main] (BaseTest.java:216)- 
 INFO [main] (BaseTest.java:172)- 
 INFO [main] (BaseTest.java:173)- https://iqs.dazzabet.com/api/endpoint/GetBalance
 INFO [main] (BaseTest.java:174)- GetBalanceAPI:  RequestBody{"Token":"e30214f9-4872-11ed-b772-ecb1d7ae60a8","CurrencyId":"TND"}
 INFO [main] (BaseTest.java:175)- GetBalanceAPI:  ResponseBody{"CurrencyId":"TND","Description":null,"ResponseCode":0,"AvailableBalance":9485.7}  ResponseTime 585 ms
 INFO [main] (BaseTest.java:176)- 
 INFO [main] (BaseTest.java:252)- 
 INFO [main] (BaseTest.java:253)- https://iqs.dazzabet.com/api/endpoint/Debit
 INFO [main] (BaseTest.java:254)- DebitAPI:  RequestBody{"ClientId":"dazzabet10130","CurrencyId":"TND","GameId":-10,"TransactionId":"QA_Test-opPcK1uYbpLzvMVotSRh_D","CreditTransactionId":"QA_Test-F1a4NrPxmh0GeaD5ByhT_C","Amount":5.0,"BetState":2,"OperationTypeId":4,"Token":"e30214f9-4872-11ed-b772-ecb1d7ae60a8"}
 INFO [main] (BaseTest.java:255)- DebitAPI:  ResponseBody{"Description":"game not avaible","ResponseCode":"43"}  ResponseTime 588 ms
 INFO [main] (BaseTest.java:256)- 
 INFO [main] (BaseTest.java:172)- 
 INFO [main] (BaseTest.java:173)- https://iqs.dazzabet.com/api/endpoint/GetBalance
 INFO [main] (BaseTest.java:174)- GetBalanceAPI:  RequestBody{"Token":"e30214f9-4872-11ed-b772-ecb1d7ae60a8","CurrencyId":"TND"}
 INFO [main] (BaseTest.java:175)- GetBalanceAPI:  ResponseBody{"CurrencyId":"TND","Description":null,"ResponseCode":0,"AvailableBalance":9485.7}  ResponseTime 418 ms
 INFO [main] (BaseTest.java:176)- 
ERROR [main] (ReportingAllure.java:61)- DebitAPIValidateResponseUsingInvalidProductID Test failed
]]></system-out>
  </testcase>
  <testcase name="DebitAPIValidateResponseUsingTransactionIDTwice" classname="testCases.IqSoft_API_5_Debit_Negative_Test" time="4.275"/>
  <testcase name="DebitAPIValidateResponseUsingInvalidCreditTransactionID" classname="testCases.IqSoft_API_5_Debit_Negative_Test" time="1.214">
    <failure message="The following asserts failed:&#10;	ResponseCode: 0 expected [50] but found [0],&#10;	Error Description: null expected [CanNotConnectCreditAndDebit] but found [null],&#10;	amountAfterDebit: 9493.7 = amountBeforeDebit: 9488.7 expected [9488.7] but found [9493.7]" type="java.lang.AssertionError">java.lang.AssertionError: The following asserts failed:
	ResponseCode: 0 expected [50] but found [0],
	Error Description: null expected [CanNotConnectCreditAndDebit] but found [null],
	amountAfterDebit: 9493.7 = amountBeforeDebit: 9488.7 expected [9488.7] but found [9493.7]
	at org.testng.asserts.SoftAssert.assertAll(SoftAssert.java:46)
	at org.testng.asserts.SoftAssert.assertAll(SoftAssert.java:30)
	at testCases.IqSoft_API_5_Debit_Negative_Test.DebitAPIValidateResponseUsingInvalidCreditTransactionID(IqSoft_API_5_Debit_Negative_Test.java:230)
</failure>
    <system-out><![CDATA[ INFO [main] (BaseTest.java:172)- 
 INFO [main] (BaseTest.java:173)- https://iqs.dazzabet.com/api/endpoint/GetBalance
 INFO [main] (BaseTest.java:174)- GetBalanceAPI:  RequestBody{"Token":"e30214f9-4872-11ed-b772-ecb1d7ae60a8","CurrencyId":"TND"}
 INFO [main] (BaseTest.java:175)- GetBalanceAPI:  ResponseBody{"CurrencyId":"TND","Description":null,"ResponseCode":0,"AvailableBalance":9488.7}  ResponseTime 429 ms
 INFO [main] (BaseTest.java:176)- 
 INFO [main] (BaseTest.java:252)- 
 INFO [main] (BaseTest.java:253)- https://iqs.dazzabet.com/api/endpoint/Debit
 INFO [main] (BaseTest.java:254)- DebitAPI:  RequestBody{"ClientId":"dazzabet10130","CurrencyId":"TND","GameId":54351,"TransactionId":"QA_Test-q4oKP4P4VtVtRELcZ43c_D","CreditTransactionId":"QA_Test-KHNMgus0BmW26zLcRqsx_C_ErrorID","Amount":5.0,"BetState":2,"OperationTypeId":4,"Token":"e30214f9-4872-11ed-b772-ecb1d7ae60a8"}
 INFO [main] (BaseTest.java:255)- DebitAPI:  ResponseBody{"Description":null,"ResponseCode":"0","OperationItems":[{"BetId":2584,"Balance":9493.7,"ClientId":"dazzabet10130","CurrencyId":"TND"}]}  ResponseTime 440 ms
 INFO [main] (BaseTest.java:256)- 
 INFO [main] (BaseTest.java:172)- 
 INFO [main] (BaseTest.java:173)- https://iqs.dazzabet.com/api/endpoint/GetBalance
 INFO [main] (BaseTest.java:174)- GetBalanceAPI:  RequestBody{"Token":"e30214f9-4872-11ed-b772-ecb1d7ae60a8","CurrencyId":"TND"}
 INFO [main] (BaseTest.java:175)- GetBalanceAPI:  ResponseBody{"CurrencyId":"TND","Description":null,"ResponseCode":0,"AvailableBalance":9493.7}  ResponseTime 411 ms
 INFO [main] (BaseTest.java:176)- 
ERROR [main] (ReportingAllure.java:61)- DebitAPIValidateResponseUsingInvalidCreditTransactionID Test failed
]]></system-out>
  </testcase>
  <testcase name="DebitAPIValidateResponseUsingInvalidAmount" classname="testCases.IqSoft_API_5_Debit_Negative_Test" time="2.227"/>
  <testcase name="DebitAPIValidateResponseUsingInvalidAmount" classname="testCases.IqSoft_API_5_Debit_Negative_Test" time="2.189"/>
  <testcase name="DebitAPIValidateResponseUsingInvalidAmount" classname="testCases.IqSoft_API_5_Debit_Negative_Test" time="2.256"/>
  <testcase name="DebitAPIValidateResponseUsingInvalidAmount" classname="testCases.IqSoft_API_5_Debit_Negative_Test" time="2.244"/>
  <testcase name="RollBackAPIValidateResponseWithInvalidToken" classname="testCases.IqSoft_API_6_RollBack_Negative_Test" time="2.416">
    <failure message="The following asserts failed:&#10;	amountAfterRollBack: 9489.7 = amountAfterCredit: 9488.7 expected [9488.7] but found [9489.7]" type="java.lang.AssertionError">java.lang.AssertionError: The following asserts failed:
	amountAfterRollBack: 9489.7 = amountAfterCredit: 9488.7 expected [9488.7] but found [9489.7]
	at org.testng.asserts.SoftAssert.assertAll(SoftAssert.java:46)
	at org.testng.asserts.SoftAssert.assertAll(SoftAssert.java:30)
	at testCases.IqSoft_API_6_RollBack_Negative_Test.RollBackAPIValidateResponseWithInvalidToken(IqSoft_API_6_RollBack_Negative_Test.java:67)
</failure>
    <system-out><![CDATA[ INFO [main] (BaseTest.java:172)- 
 INFO [main] (BaseTest.java:173)- https://iqs.dazzabet.com/api/endpoint/GetBalance
 INFO [main] (BaseTest.java:174)- GetBalanceAPI:  RequestBody{"Token":"e30214f9-4872-11ed-b772-ecb1d7ae60a8","CurrencyId":"TND"}
 INFO [main] (BaseTest.java:175)- GetBalanceAPI:  ResponseBody{"CurrencyId":"TND","Description":null,"ResponseCode":0,"AvailableBalance":9489.7}  ResponseTime 418 ms
 INFO [main] (BaseTest.java:176)- 
 INFO [main] (IqSoft_API_6_RollBack_Negative_Test.java:33)- Balance Before Credit:9489.7
 INFO [main] (BaseTest.java:212)- 
 INFO [main] (BaseTest.java:213)- https://iqs.dazzabet.com/api/endpoint/Credit
 INFO [main] (BaseTest.java:214)- CreditAPI:  RequestBody{"Token":"e30214f9-4872-11ed-b772-ecb1d7ae60a8","CurrencyId":"TND","GameId":54351,"OperationTypeId":1,"TransactionId":"QA_Test-XgcI4Kw4Lc0xLdO4ZEdW_C","BetState":1,"Amount":1.0}
 INFO [main] (BaseTest.java:215)- CreditAPI:  ResponseBody{"Description":null,"ResponseCode":0,"OperationItems":[{"BetId":2589,"Balance":9488.7,"ClientId":"dazzabet10130","CurrencyId":"TND"}]}  ResponseTime 629 ms
 INFO [main] (BaseTest.java:216)- 
 INFO [main] (BaseTest.java:172)- 
 INFO [main] (BaseTest.java:173)- https://iqs.dazzabet.com/api/endpoint/GetBalance
 INFO [main] (BaseTest.java:174)- GetBalanceAPI:  RequestBody{"Token":"e30214f9-4872-11ed-b772-ecb1d7ae60a8","CurrencyId":"TND"}
 INFO [main] (BaseTest.java:175)- GetBalanceAPI:  ResponseBody{"CurrencyId":"TND","Description":null,"ResponseCode":0,"AvailableBalance":9488.7}  ResponseTime 434 ms
 INFO [main] (BaseTest.java:176)- 
 INFO [main] (IqSoft_API_6_RollBack_Negative_Test.java:43)- Balance After Credit:9488.7
 INFO [main] (BaseTest.java:284)- 
 INFO [main] (BaseTest.java:285)- https://iqs.dazzabet.com/api/endpoint/Rollback
 INFO [main] (BaseTest.java:286)- RollBackAPI:  RequestBody{"UserName":"testuser","GameId":54351,"RollbackTransactionId":"QA_Test-XgcI4Kw4Lc0xLdO4ZEdW_C","TransactionId":"QA_Test-jfVRMulqQLc9Mr75Rb0k_R","OperationTypeId":4,"Token":"e30214f9-4872-11ed-b772-ecb1d7ae60a8Error"}
 INFO [main] (BaseTest.java:287)- RollBackAPI:  ResponseBody{"Description":null,"ResponseCode":0}  ResponseTime 430 ms
 INFO [main] (BaseTest.java:288)- 
 INFO [main] (BaseTest.java:172)- 
 INFO [main] (BaseTest.java:173)- https://iqs.dazzabet.com/api/endpoint/GetBalance
 INFO [main] (BaseTest.java:174)- GetBalanceAPI:  RequestBody{"Token":"e30214f9-4872-11ed-b772-ecb1d7ae60a8","CurrencyId":"TND"}
 INFO [main] (BaseTest.java:175)- GetBalanceAPI:  ResponseBody{"CurrencyId":"TND","Description":null,"ResponseCode":0,"AvailableBalance":9489.7}  ResponseTime 449 ms
 INFO [main] (BaseTest.java:176)- 
 INFO [main] (IqSoft_API_6_RollBack_Negative_Test.java:58)- Balance After RollBack:9489.7
ERROR [main] (ReportingAllure.java:61)- RollBackAPIValidateResponseWithInvalidToken Test failed
]]></system-out>
  </testcase>
  <testcase name="RollBackAPIValidateResponseUsingInvalidProductID" classname="testCases.IqSoft_API_6_RollBack_Negative_Test" time="2.2">
    <failure message="The following asserts failed:&#10;	amountAfterRollBack : 9489.7 = amountAfterCredit: 9488.7 expected [9488.7] but found [9489.7]" type="java.lang.AssertionError">java.lang.AssertionError: The following asserts failed:
	amountAfterRollBack : 9489.7 = amountAfterCredit: 9488.7 expected [9488.7] but found [9489.7]
	at org.testng.asserts.SoftAssert.assertAll(SoftAssert.java:46)
	at org.testng.asserts.SoftAssert.assertAll(SoftAssert.java:30)
	at testCases.IqSoft_API_6_RollBack_Negative_Test.RollBackAPIValidateResponseUsingInvalidProductID(IqSoft_API_6_RollBack_Negative_Test.java:118)
</failure>
    <system-out><![CDATA[ INFO [main] (BaseTest.java:172)- 
 INFO [main] (BaseTest.java:173)- https://iqs.dazzabet.com/api/endpoint/GetBalance
 INFO [main] (BaseTest.java:174)- GetBalanceAPI:  RequestBody{"Token":"e30214f9-4872-11ed-b772-ecb1d7ae60a8","CurrencyId":"TND"}
 INFO [main] (BaseTest.java:175)- GetBalanceAPI:  ResponseBody{"CurrencyId":"TND","Description":null,"ResponseCode":0,"AvailableBalance":9489.7}  ResponseTime 421 ms
 INFO [main] (BaseTest.java:176)- 
 INFO [main] (IqSoft_API_6_RollBack_Negative_Test.java:85)- Balance Before Credit:9489.7
 INFO [main] (BaseTest.java:212)- 
 INFO [main] (BaseTest.java:213)- https://iqs.dazzabet.com/api/endpoint/Credit
 INFO [main] (BaseTest.java:214)- CreditAPI:  RequestBody{"Token":"e30214f9-4872-11ed-b772-ecb1d7ae60a8","CurrencyId":"TND","GameId":54351,"OperationTypeId":1,"TransactionId":"QA_Test-h1LoYqx9cFlxcPnas6dH_C","BetState":1,"Amount":1.0}
 INFO [main] (BaseTest.java:215)- CreditAPI:  ResponseBody{"Description":null,"ResponseCode":0,"OperationItems":[{"BetId":2591,"Balance":9488.7,"ClientId":"dazzabet10130","CurrencyId":"TND"}]}  ResponseTime 422 ms
 INFO [main] (BaseTest.java:216)- 
 INFO [main] (BaseTest.java:172)- 
 INFO [main] (BaseTest.java:173)- https://iqs.dazzabet.com/api/endpoint/GetBalance
 INFO [main] (BaseTest.java:174)- GetBalanceAPI:  RequestBody{"Token":"e30214f9-4872-11ed-b772-ecb1d7ae60a8","CurrencyId":"TND"}
 INFO [main] (BaseTest.java:175)- GetBalanceAPI:  ResponseBody{"CurrencyId":"TND","Description":null,"ResponseCode":0,"AvailableBalance":9488.7}  ResponseTime 427 ms
 INFO [main] (BaseTest.java:176)- 
 INFO [main] (IqSoft_API_6_RollBack_Negative_Test.java:95)- Balance After Credit:9488.7
 INFO [main] (BaseTest.java:284)- 
 INFO [main] (BaseTest.java:285)- https://iqs.dazzabet.com/api/endpoint/Rollback
 INFO [main] (BaseTest.java:286)- RollBackAPI:  RequestBody{"UserName":"testuser","GameId":-10,"RollbackTransactionId":"QA_Test-h1LoYqx9cFlxcPnas6dH_C","TransactionId":"QA_Test-dn6Lcay9bu4T862GbbGz_R","OperationTypeId":4,"Token":"e30214f9-4872-11ed-b772-ecb1d7ae60a8"}
 INFO [main] (BaseTest.java:287)- RollBackAPI:  ResponseBody{"Description":null,"ResponseCode":0}  ResponseTime 434 ms
 INFO [main] (BaseTest.java:288)- 
 INFO [main] (BaseTest.java:172)- 
 INFO [main] (BaseTest.java:173)- https://iqs.dazzabet.com/api/endpoint/GetBalance
 INFO [main] (BaseTest.java:174)- GetBalanceAPI:  RequestBody{"Token":"e30214f9-4872-11ed-b772-ecb1d7ae60a8","CurrencyId":"TND"}
 INFO [main] (BaseTest.java:175)- GetBalanceAPI:  ResponseBody{"CurrencyId":"TND","Description":null,"ResponseCode":0,"AvailableBalance":9489.7}  ResponseTime 447 ms
 INFO [main] (BaseTest.java:176)- 
 INFO [main] (IqSoft_API_6_RollBack_Negative_Test.java:110)- Balance After RollBack:9489.7
ERROR [main] (ReportingAllure.java:61)- RollBackAPIValidateResponseUsingInvalidProductID Test failed
]]></system-out>
  </testcase>
  <testcase name="RollBackAPIValidateResponseUsingSameTransactionIDForRollBackAndCredit" classname="testCases.IqSoft_API_6_RollBack_Negative_Test" time="1.32"/>
  <testcase name="RollBackAPIValidateResponseUsingSameCreditTransactionIDTwice" classname="testCases.IqSoft_API_6_RollBack_Negative_Test" time="3.485">
    <failure message="The following asserts failed:&#10;	amountAfterRollBack2 : 9490.7 = amountAfterRollBack1: 9489.7 expected [9489.7] but found [9490.7]" type="java.lang.AssertionError">java.lang.AssertionError: The following asserts failed:
	amountAfterRollBack2 : 9490.7 = amountAfterRollBack1: 9489.7 expected [9489.7] but found [9490.7]
	at org.testng.asserts.SoftAssert.assertAll(SoftAssert.java:46)
	at org.testng.asserts.SoftAssert.assertAll(SoftAssert.java:30)
	at testCases.IqSoft_API_6_RollBack_Negative_Test.RollBackAPIValidateResponseUsingSameCreditTransactionIDTwice(IqSoft_API_6_RollBack_Negative_Test.java:218)
</failure>
    <system-out><![CDATA[ INFO [main] (BaseTest.java:172)- 
 INFO [main] (BaseTest.java:173)- https://iqs.dazzabet.com/api/endpoint/GetBalance
 INFO [main] (BaseTest.java:174)- GetBalanceAPI:  RequestBody{"Token":"e30214f9-4872-11ed-b772-ecb1d7ae60a8","CurrencyId":"TND"}
 INFO [main] (BaseTest.java:175)- GetBalanceAPI:  ResponseBody{"CurrencyId":"TND","Description":null,"ResponseCode":0,"AvailableBalance":9489.7}  ResponseTime 430 ms
 INFO [main] (BaseTest.java:176)- 
 INFO [main] (IqSoft_API_6_RollBack_Negative_Test.java:173)- Balance Before Credit:9489.7
 INFO [main] (BaseTest.java:212)- 
 INFO [main] (BaseTest.java:213)- https://iqs.dazzabet.com/api/endpoint/Credit
 INFO [main] (BaseTest.java:214)- CreditAPI:  RequestBody{"Token":"e30214f9-4872-11ed-b772-ecb1d7ae60a8","CurrencyId":"TND","GameId":54351,"OperationTypeId":1,"TransactionId":"QA_Test-vegvuY5BygTn1jNqnDY1_C","BetState":1,"Amount":1.0}
 INFO [main] (BaseTest.java:215)- CreditAPI:  ResponseBody{"Description":null,"ResponseCode":0,"OperationItems":[{"BetId":2593,"Balance":9488.7,"ClientId":"dazzabet10130","CurrencyId":"TND"}]}  ResponseTime 712 ms
 INFO [main] (BaseTest.java:216)- 
 INFO [main] (BaseTest.java:172)- 
 INFO [main] (BaseTest.java:173)- https://iqs.dazzabet.com/api/endpoint/GetBalance
 INFO [main] (BaseTest.java:174)- GetBalanceAPI:  RequestBody{"Token":"e30214f9-4872-11ed-b772-ecb1d7ae60a8","CurrencyId":"TND"}
 INFO [main] (BaseTest.java:175)- GetBalanceAPI:  ResponseBody{"CurrencyId":"TND","Description":null,"ResponseCode":0,"AvailableBalance":9488.7}  ResponseTime 425 ms
 INFO [main] (BaseTest.java:176)- 
 INFO [main] (IqSoft_API_6_RollBack_Negative_Test.java:183)- Balance After Credit:9488.7
 INFO [main] (BaseTest.java:284)- 
 INFO [main] (BaseTest.java:285)- https://iqs.dazzabet.com/api/endpoint/Rollback
 INFO [main] (BaseTest.java:286)- RollBackAPI:  RequestBody{"UserName":"testuser","GameId":54351,"RollbackTransactionId":"QA_Test-vegvuY5BygTn1jNqnDY1_C","TransactionId":"QA_Test-EA7Pm0lsLC9xPk6ObVfA_R","OperationTypeId":4,"Token":"e30214f9-4872-11ed-b772-ecb1d7ae60a8"}
 INFO [main] (BaseTest.java:287)- RollBackAPI:  ResponseBody{"Description":null,"ResponseCode":0}  ResponseTime 448 ms
 INFO [main] (BaseTest.java:288)- 
 INFO [main] (BaseTest.java:172)- 
 INFO [main] (BaseTest.java:173)- https://iqs.dazzabet.com/api/endpoint/GetBalance
 INFO [main] (BaseTest.java:174)- GetBalanceAPI:  RequestBody{"Token":"e30214f9-4872-11ed-b772-ecb1d7ae60a8","CurrencyId":"TND"}
 INFO [main] (BaseTest.java:175)- GetBalanceAPI:  ResponseBody{"CurrencyId":"TND","Description":null,"ResponseCode":0,"AvailableBalance":9489.7}  ResponseTime 484 ms
 INFO [main] (BaseTest.java:176)- 
 INFO [main] (IqSoft_API_6_RollBack_Negative_Test.java:193)- Balance After RollBack_1:9489.7
 INFO [main] (BaseTest.java:284)- 
 INFO [main] (BaseTest.java:285)- https://iqs.dazzabet.com/api/endpoint/Rollback
 INFO [main] (BaseTest.java:286)- RollBackAPI:  RequestBody{"UserName":"testuser","GameId":54351,"RollbackTransactionId":"QA_Test-vegvuY5BygTn1jNqnDY1_C","TransactionId":"QA_Test-TKkPlD7gZEGibJWrTbfm_R","OperationTypeId":4,"Token":"e30214f9-4872-11ed-b772-ecb1d7ae60a8"}
 INFO [main] (BaseTest.java:287)- RollBackAPI:  ResponseBody{"Description":null,"ResponseCode":0}  ResponseTime 461 ms
 INFO [main] (BaseTest.java:288)- 
 INFO [main] (BaseTest.java:172)- 
 INFO [main] (BaseTest.java:173)- https://iqs.dazzabet.com/api/endpoint/GetBalance
 INFO [main] (BaseTest.java:174)- GetBalanceAPI:  RequestBody{"Token":"e30214f9-4872-11ed-b772-ecb1d7ae60a8","CurrencyId":"TND"}
 INFO [main] (BaseTest.java:175)- GetBalanceAPI:  ResponseBody{"CurrencyId":"TND","Description":null,"ResponseCode":0,"AvailableBalance":9490.7}  ResponseTime 433 ms
 INFO [main] (BaseTest.java:176)- 
 INFO [main] (IqSoft_API_6_RollBack_Negative_Test.java:208)- Balance After RollBack_2::9490.7
ERROR [main] (ReportingAllure.java:61)- RollBackAPIValidateResponseUsingSameCreditTransactionIDTwice Test failed
]]></system-out>
  </testcase>
  <testcase name="RollBackAPIValidateResponseUsingSameRollBackTransactionIDTwice" classname="testCases.IqSoft_API_6_RollBack_Negative_Test" time="4.099"/>
</testsuite>